17:13:37.948 [main] INFO  hcmute.puzzle.PuzzleUteApplication - Starting PuzzleUteApplication using Java 18.0.2 on DESKTOP-9UEKMS4 with PID 21988 (E:\GitHub\puzzle-ute\target\classes started by caiho in E:\GitHub\puzzle-ute)
17:13:37.950 [main] INFO  hcmute.puzzle.PuzzleUteApplication - The following 1 profile is active: "local"
17:22:17.087 [main] INFO  hcmute.puzzle.PuzzleUteApplication - Starting PuzzleUteApplication using Java 18.0.2 on DESKTOP-9UEKMS4 with PID 14960 (E:\GitHub\puzzle-ute\target\classes started by caiho in E:\GitHub\puzzle-ute)
17:22:17.090 [main] INFO  hcmute.puzzle.PuzzleUteApplication - The following 1 profile is active: "local"
17:22:22.038 [main] ERROR h.p.i.m.a.HasScheduleJobProcessing - Class error: file:/E:/GitHub/puzzle-ute/target/classes/
17:22:22.056 [main] ERROR h.p.i.m.a.HasScheduleJobProcessing - HOHO
17:22:22.088 [main] ERROR h.p.i.m.a.HasScheduleJobProcessing - Class error: jar:file:/C:/Users/caiho/.m2/repository/com/fasterxml/jackson/dataformat/jackson-dataformat-yaml/2.13.4/jackson-dataformat-yaml-2.13.4.jar!/META-INF/versions/9/
17:22:22.088 [main] ERROR h.p.i.m.a.HasScheduleJobProcessing - Class error: 
17:22:22.088 [main] ERROR h.p.i.m.a.HasScheduleJobProcessing - URI is not hierarchical
17:22:22.089 [main] INFO  h.p.c.s.ScheduleManager - Job schedule: runScheduledJob
17:22:22.089 [main] INFO  h.p.c.s.ScheduleManager - Job schedule: runScheduledJobOther
17:22:24.018 [main] INFO  h.p.c.s.ScheduleManager - current cron: 0/28 * * * * ?
17:22:24.023 [main] INFO  h.p.c.s.ScheduleManager - start cron: 
17:22:24.026 [main] INFO  h.p.c.s.ScheduleManager - current cron: null
17:22:24.026 [main] ERROR h.p.c.s.ScheduleManager - null
17:22:25.485 [main] INFO  hcmute.puzzle.PuzzleUteApplication - Started PuzzleUteApplication in 8.869 seconds (JVM running for 9.734)
17:23:27.652 [http-nio-8080-exec-1] ERROR h.p.c.security.JwtTokenProvider - Expired JWT token
17:23:30.138 [http-nio-8080-exec-4] ERROR h.p.exception.MyExceptionHandler - THIS ACCOUNT ISN'T ACTIVE
17:23:31.622 [http-nio-8080-exec-5] ERROR h.p.c.security.JwtTokenProvider - Expired JWT token
17:23:35.508 [http-nio-8080-exec-2] ERROR h.p.exception.MyExceptionHandler - THIS ACCOUNT ISN'T ACTIVE
17:24:06.860 [http-nio-8080-exec-6] ERROR h.p.exception.MyExceptionHandler - THIS ACCOUNT ISN'T ACTIVE
17:24:17.812 [http-nio-8080-exec-7] ERROR h.p.c.security.JwtTokenProvider - Expired JWT token
17:25:51.049 [http-nio-8080-exec-8] ERROR h.p.exception.MyExceptionHandler - THIS ACCOUNT ISN'T ACTIVE
17:25:53.739 [main] INFO  hcmute.puzzle.PuzzleUteApplication - Starting PuzzleUteApplication using Java 18.0.2 on DESKTOP-9UEKMS4 with PID 19808 (E:\GitHub\puzzle-ute\target\classes started by caiho in E:\GitHub\puzzle-ute)
17:25:53.741 [main] INFO  hcmute.puzzle.PuzzleUteApplication - The following 1 profile is active: "local"
17:25:58.603 [main] ERROR h.p.i.m.a.HasScheduleJobProcessing - Class error: file:/E:/GitHub/puzzle-ute/target/classes/
17:25:58.621 [main] ERROR h.p.i.m.a.HasScheduleJobProcessing - HOHO
17:25:58.648 [main] ERROR h.p.i.m.a.HasScheduleJobProcessing - Class error: jar:file:/C:/Users/caiho/.m2/repository/com/fasterxml/jackson/dataformat/jackson-dataformat-yaml/2.13.4/jackson-dataformat-yaml-2.13.4.jar!/META-INF/versions/9/
17:25:58.648 [main] ERROR h.p.i.m.a.HasScheduleJobProcessing - Class error: 
17:25:58.648 [main] ERROR h.p.i.m.a.HasScheduleJobProcessing - URI is not hierarchical
17:25:58.649 [main] INFO  h.p.c.s.ScheduleManager - Job schedule: runScheduledJobOther
17:25:58.649 [main] INFO  h.p.c.s.ScheduleManager - Job schedule: runScheduledJob
17:26:00.474 [main] INFO  h.p.c.s.ScheduleManager - current cron: 0 0/30 * * * ?
17:26:00.478 [main] INFO  h.p.c.s.ScheduleManager - start cron: 
17:26:00.481 [main] INFO  h.p.c.s.ScheduleManager - current cron: 0 0/20 * * * ?
17:26:00.481 [main] INFO  h.p.c.s.ScheduleManager - start cron: 
17:26:01.873 [main] INFO  hcmute.puzzle.PuzzleUteApplication - Started PuzzleUteApplication in 8.54 seconds (JVM running for 9.505)
17:26:23.355 [http-nio-8080-exec-3] ERROR h.p.exception.MyExceptionHandler - Username already exists
17:26:35.205 [http-nio-8080-exec-5] INFO  h.p.filter.JwtAuthenticationFilter - UserDetail is none!
17:26:37.567 [http-nio-8080-exec-6] INFO  h.p.filter.JwtAuthenticationFilter - UserDetail is none!
17:26:41.133 [http-nio-8080-exec-7] INFO  h.p.filter.JwtAuthenticationFilter - UserDetail is none!
17:26:45.680 [http-nio-8080-exec-9] INFO  h.p.filter.JwtAuthenticationFilter - UserDetail is none!
17:27:15.676 [http-nio-8080-exec-2] ERROR h.p.exception.MyExceptionHandler - Cannot invoke "hcmute.puzzle.infrastructure.entities.UserEntity.isActive()" because "user" is null
17:32:45.551 [main] INFO  hcmute.puzzle.PuzzleUteApplication - Starting PuzzleUteApplication using Java 18.0.2 on DESKTOP-9UEKMS4 with PID 23020 (E:\GitHub\puzzle-ute\target\classes started by caiho in E:\GitHub\puzzle-ute)
17:32:45.554 [main] INFO  hcmute.puzzle.PuzzleUteApplication - The following 1 profile is active: "local"
17:32:47.381 [main] INFO  hcmute.puzzle.PuzzleUteApplication - Starting PuzzleUteApplication using Java 18.0.2 on DESKTOP-9UEKMS4 with PID 11520 (E:\GitHub\puzzle-ute\target\classes started by caiho in E:\GitHub\puzzle-ute)
17:32:47.387 [main] INFO  hcmute.puzzle.PuzzleUteApplication - The following 1 profile is active: "local"
17:32:53.174 [main] ERROR h.p.i.m.a.HasScheduleJobProcessing - Class error: file:/E:/GitHub/puzzle-ute/target/classes/
17:32:53.198 [main] ERROR h.p.i.m.a.HasScheduleJobProcessing - HOHO
17:32:53.274 [main] ERROR h.p.i.m.a.HasScheduleJobProcessing - Class error: jar:file:/C:/Users/caiho/.m2/repository/com/fasterxml/jackson/dataformat/jackson-dataformat-yaml/2.13.4/jackson-dataformat-yaml-2.13.4.jar!/META-INF/versions/9/
17:32:53.274 [main] ERROR h.p.i.m.a.HasScheduleJobProcessing - Class error: 
17:32:53.274 [main] ERROR h.p.i.m.a.HasScheduleJobProcessing - URI is not hierarchical
17:32:53.275 [main] INFO  h.p.c.s.ScheduleManager - Job schedule: runScheduledJobOther
17:32:53.275 [main] INFO  h.p.c.s.ScheduleManager - Job schedule: runScheduledJob
17:32:55.653 [main] INFO  h.p.c.s.ScheduleManager - current cron: null
17:32:55.654 [main] ERROR h.p.c.s.ScheduleManager - null
17:32:55.658 [main] INFO  h.p.c.s.ScheduleManager - current cron: 0/28 * * * * ?
17:32:55.669 [main] INFO  h.p.c.s.ScheduleManager - start cron: 
17:33:02.615 [main] ERROR h.p.i.m.a.HasScheduleJobProcessing - Class error: file:/E:/GitHub/puzzle-ute/target/classes/
17:33:02.632 [main] ERROR h.p.i.m.a.HasScheduleJobProcessing - HOHO
17:33:02.660 [main] ERROR h.p.i.m.a.HasScheduleJobProcessing - Class error: jar:file:/C:/Users/caiho/.m2/repository/com/fasterxml/jackson/dataformat/jackson-dataformat-yaml/2.13.4/jackson-dataformat-yaml-2.13.4.jar!/META-INF/versions/9/
17:33:02.660 [main] ERROR h.p.i.m.a.HasScheduleJobProcessing - Class error: 
17:33:02.660 [main] ERROR h.p.i.m.a.HasScheduleJobProcessing - URI is not hierarchical
17:33:02.661 [main] INFO  h.p.c.s.ScheduleManager - Job schedule: runScheduledJob
17:33:02.661 [main] INFO  h.p.c.s.ScheduleManager - Job schedule: runScheduledJobOther
17:33:04.253 [main] INFO  h.p.c.s.ScheduleManager - current cron: 0/28 * * * * ?
17:33:04.258 [main] INFO  h.p.c.s.ScheduleManager - start cron: 
17:33:04.260 [main] INFO  h.p.c.s.ScheduleManager - current cron: null
17:33:04.261 [main] ERROR h.p.c.s.ScheduleManager - null
17:33:08.439 [ThreadPoolTaskScheduler2] ERROR h.p.configuration.AuditorAwareImpl - Cannot invoke "org.springframework.security.core.Authentication.getPrincipal()" because the return value of "org.springframework.security.core.context.SecurityContext.getAuthentication()" is null
17:33:20.721 [main] INFO  hcmute.puzzle.PuzzleUteApplication - Starting PuzzleUteApplication using Java 18.0.2 on DESKTOP-9UEKMS4 with PID 6048 (E:\GitHub\puzzle-ute\target\classes started by caiho in E:\GitHub\puzzle-ute)
17:33:20.723 [main] INFO  hcmute.puzzle.PuzzleUteApplication - The following 1 profile is active: "local"
17:33:25.096 [main] ERROR h.p.i.m.a.HasScheduleJobProcessing - Class error: file:/E:/GitHub/puzzle-ute/target/classes/
17:33:25.112 [main] ERROR h.p.i.m.a.HasScheduleJobProcessing - HOHO
17:33:25.137 [main] ERROR h.p.i.m.a.HasScheduleJobProcessing - Class error: jar:file:/C:/Users/caiho/.m2/repository/com/fasterxml/jackson/dataformat/jackson-dataformat-yaml/2.13.4/jackson-dataformat-yaml-2.13.4.jar!/META-INF/versions/9/
17:33:25.137 [main] ERROR h.p.i.m.a.HasScheduleJobProcessing - Class error: 
17:33:25.137 [main] ERROR h.p.i.m.a.HasScheduleJobProcessing - URI is not hierarchical
17:33:25.138 [main] INFO  h.p.c.s.ScheduleManager - Job schedule: runScheduledJobOther
17:33:25.138 [main] INFO  h.p.c.s.ScheduleManager - Job schedule: runScheduledJob
17:33:27.494 [main] INFO  h.p.c.s.ScheduleManager - current cron: null
17:33:27.494 [main] ERROR h.p.c.s.ScheduleManager - null
17:33:27.497 [main] INFO  h.p.c.s.ScheduleManager - current cron: 0/28 * * * * ?
17:33:27.501 [main] INFO  h.p.c.s.ScheduleManager - start cron: 
17:33:28.839 [main] INFO  hcmute.puzzle.PuzzleUteApplication - Started PuzzleUteApplication in 8.451 seconds (JVM running for 9.089)
18:16:29.860 [main] INFO  hcmute.puzzle.PuzzleUteApplication - Starting PuzzleUteApplication using Java 18.0.2 on DESKTOP-9UEKMS4 with PID 15576 (E:\GitHub\puzzle-ute\target\classes started by caiho in E:\GitHub\puzzle-ute)
18:16:29.861 [main] INFO  hcmute.puzzle.PuzzleUteApplication - The following 1 profile is active: "local"
18:16:35.029 [main] ERROR h.p.i.m.a.HasScheduleJobProcessing - Class error: file:/E:/GitHub/puzzle-ute/target/classes/
18:16:35.047 [main] ERROR h.p.i.m.a.HasScheduleJobProcessing - HOHO
18:16:35.078 [main] ERROR h.p.i.m.a.HasScheduleJobProcessing - Class error: jar:file:/C:/Users/caiho/.m2/repository/com/fasterxml/jackson/dataformat/jackson-dataformat-yaml/2.13.4/jackson-dataformat-yaml-2.13.4.jar!/META-INF/versions/9/
18:16:35.078 [main] ERROR h.p.i.m.a.HasScheduleJobProcessing - Class error: 
18:16:35.078 [main] ERROR h.p.i.m.a.HasScheduleJobProcessing - URI is not hierarchical
18:19:03.172 [main] INFO  hcmute.puzzle.PuzzleUteApplication - Started PuzzleUteApplication in 153.682 seconds (JVM running for 154.485)
18:19:07.600 [main] INFO  hcmute.puzzle.PuzzleUteApplication - Starting PuzzleUteApplication using Java 18.0.2 on DESKTOP-9UEKMS4 with PID 10228 (E:\GitHub\puzzle-ute\target\classes started by caiho in E:\GitHub\puzzle-ute)
18:19:07.602 [main] INFO  hcmute.puzzle.PuzzleUteApplication - The following 1 profile is active: "local"
18:19:12.371 [main] ERROR h.p.i.m.a.HasScheduleJobProcessing - Class error: file:/E:/GitHub/puzzle-ute/target/classes/
18:19:12.386 [main] ERROR h.p.i.m.a.HasScheduleJobProcessing - HOHO
18:19:12.414 [main] ERROR h.p.i.m.a.HasScheduleJobProcessing - Class error: jar:file:/C:/Users/caiho/.m2/repository/com/fasterxml/jackson/dataformat/jackson-dataformat-yaml/2.13.4/jackson-dataformat-yaml-2.13.4.jar!/META-INF/versions/9/
18:19:12.414 [main] ERROR h.p.i.m.a.HasScheduleJobProcessing - Class error: 
18:19:12.414 [main] ERROR h.p.i.m.a.HasScheduleJobProcessing - URI is not hierarchical
18:19:15.471 [main] INFO  hcmute.puzzle.PuzzleUteApplication - Started PuzzleUteApplication in 8.219 seconds (JVM running for 8.969)
18:39:20.212 [main] INFO  hcmute.puzzle.PuzzleUteApplication - Starting PuzzleUteApplication using Java 18.0.2 on DESKTOP-9UEKMS4 with PID 10836 (E:\GitHub\puzzle-ute\target\classes started by caiho in E:\GitHub\puzzle-ute)
18:39:20.213 [main] INFO  hcmute.puzzle.PuzzleUteApplication - The following 1 profile is active: "local"
18:39:25.674 [main] ERROR h.p.i.m.a.HasScheduleJobProcessing - Class error: file:/E:/GitHub/puzzle-ute/target/classes/
18:39:25.693 [main] ERROR h.p.i.m.a.HasScheduleJobProcessing - HOHO
18:39:25.725 [main] ERROR h.p.i.m.a.HasScheduleJobProcessing - Class error: jar:file:/C:/Users/caiho/.m2/repository/com/fasterxml/jackson/dataformat/jackson-dataformat-yaml/2.13.4/jackson-dataformat-yaml-2.13.4.jar!/META-INF/versions/9/
18:39:25.725 [main] ERROR h.p.i.m.a.HasScheduleJobProcessing - Class error: 
18:39:25.725 [main] ERROR h.p.i.m.a.HasScheduleJobProcessing - URI is not hierarchical
18:39:30.239 [main] INFO  hcmute.puzzle.PuzzleUteApplication - Started PuzzleUteApplication in 10.44 seconds (JVM running for 20.629)
18:40:00.244 [http-nio-8080-exec-2] ERROR h.p.exception.MyExceptionHandler - Email already exists
18:40:05.987 [ThreadPoolTaskScheduler1] ERROR h.p.configuration.AuditorAwareImpl - Cannot invoke "org.springframework.security.core.Authentication.getPrincipal()" because the return value of "org.springframework.security.core.context.SecurityContext.getAuthentication()" is null
18:41:30.205 [main] INFO  hcmute.puzzle.PuzzleUteApplication - Starting PuzzleUteApplication using Java 18.0.2 on DESKTOP-9UEKMS4 with PID 9884 (E:\GitHub\puzzle-ute\target\classes started by caiho in E:\GitHub\puzzle-ute)
18:41:30.206 [main] INFO  hcmute.puzzle.PuzzleUteApplication - The following 1 profile is active: "local"
18:41:34.893 [main] ERROR h.p.i.m.a.HasScheduleJobProcessing - Class error: file:/E:/GitHub/puzzle-ute/target/classes/
18:41:34.909 [main] ERROR h.p.i.m.a.HasScheduleJobProcessing - HOHO
18:41:34.936 [main] ERROR h.p.i.m.a.HasScheduleJobProcessing - Class error: jar:file:/C:/Users/caiho/.m2/repository/com/fasterxml/jackson/dataformat/jackson-dataformat-yaml/2.13.4/jackson-dataformat-yaml-2.13.4.jar!/META-INF/versions/9/
18:41:34.936 [main] ERROR h.p.i.m.a.HasScheduleJobProcessing - Class error: 
18:41:34.936 [main] ERROR h.p.i.m.a.HasScheduleJobProcessing - URI is not hierarchical
18:41:40.911 [main] INFO  hcmute.puzzle.PuzzleUteApplication - Started PuzzleUteApplication in 11.072 seconds (JVM running for 11.778)
18:43:16.849 [main] INFO  hcmute.puzzle.PuzzleUteApplication - Starting PuzzleUteApplication using Java 18.0.2 on DESKTOP-9UEKMS4 with PID 9332 (E:\GitHub\puzzle-ute\target\classes started by caiho in E:\GitHub\puzzle-ute)
18:43:16.851 [main] INFO  hcmute.puzzle.PuzzleUteApplication - The following 1 profile is active: "local"
18:43:22.384 [main] ERROR h.p.i.m.a.HasScheduleJobProcessing - Class error: file:/E:/GitHub/puzzle-ute/target/classes/
18:43:22.403 [main] ERROR h.p.i.m.a.HasScheduleJobProcessing - HOHO
18:43:22.431 [main] ERROR h.p.i.m.a.HasScheduleJobProcessing - Class error: jar:file:/C:/Users/caiho/.m2/repository/com/fasterxml/jackson/dataformat/jackson-dataformat-yaml/2.13.4/jackson-dataformat-yaml-2.13.4.jar!/META-INF/versions/9/
18:43:22.431 [main] ERROR h.p.i.m.a.HasScheduleJobProcessing - Class error: 
18:43:22.431 [main] ERROR h.p.i.m.a.HasScheduleJobProcessing - URI is not hierarchical
18:43:26.537 [main] INFO  hcmute.puzzle.PuzzleUteApplication - Started PuzzleUteApplication in 10.093 seconds (JVM running for 10.858)
18:44:06.335 [http-nio-8080-exec-3] ERROR h.p.configuration.AuditorAwareImpl - class java.lang.String cannot be cast to class hcmute.puzzle.configuration.security.CustomUserDetails (java.lang.String is in module java.base of loader 'bootstrap'; hcmute.puzzle.configuration.security.CustomUserDetails is in unnamed module of loader 'app')
18:45:25.053 [main] INFO  hcmute.puzzle.PuzzleUteApplication - Starting PuzzleUteApplication using Java 18.0.2 on DESKTOP-9UEKMS4 with PID 3632 (E:\GitHub\puzzle-ute\target\classes started by caiho in E:\GitHub\puzzle-ute)
18:45:25.055 [main] INFO  hcmute.puzzle.PuzzleUteApplication - The following 1 profile is active: "local"
18:45:29.549 [main] ERROR h.p.i.m.a.HasScheduleJobProcessing - Class error: file:/E:/GitHub/puzzle-ute/target/classes/
18:45:29.564 [main] ERROR h.p.i.m.a.HasScheduleJobProcessing - HOHO
18:45:29.590 [main] ERROR h.p.i.m.a.HasScheduleJobProcessing - Class error: jar:file:/C:/Users/caiho/.m2/repository/com/fasterxml/jackson/dataformat/jackson-dataformat-yaml/2.13.4/jackson-dataformat-yaml-2.13.4.jar!/META-INF/versions/9/
18:45:29.590 [main] ERROR h.p.i.m.a.HasScheduleJobProcessing - Class error: 
18:45:29.590 [main] ERROR h.p.i.m.a.HasScheduleJobProcessing - URI is not hierarchical
18:45:32.963 [main] INFO  hcmute.puzzle.PuzzleUteApplication - Started PuzzleUteApplication in 8.265 seconds (JVM running for 8.926)
18:46:04.467 [ThreadPoolTaskScheduler1] ERROR h.p.configuration.AuditorAwareImpl - Cannot invoke "org.springframework.security.core.Authentication.getPrincipal()" because the return value of "org.springframework.security.core.context.SecurityContext.getAuthentication()" is null
18:49:11.952 [ThreadPoolTaskScheduler1] ERROR h.p.configuration.AuditorAwareImpl - Cannot invoke "org.springframework.security.core.Authentication.getPrincipal()" because the return value of "org.springframework.security.core.context.SecurityContext.getAuthentication()" is null
18:49:14.053 [pool-11-thread-1] ERROR h.p.services.impl.UserServiceImpl - Exception reading response
18:50:07.164 [main] INFO  hcmute.puzzle.PuzzleUteApplication - Starting PuzzleUteApplication using Java 18.0.2 on DESKTOP-9UEKMS4 with PID 7904 (E:\GitHub\puzzle-ute\target\classes started by caiho in E:\GitHub\puzzle-ute)
18:50:07.165 [main] INFO  hcmute.puzzle.PuzzleUteApplication - The following 1 profile is active: "local"
18:50:11.643 [main] ERROR h.p.i.m.a.HasScheduleJobProcessing - Class error: file:/E:/GitHub/puzzle-ute/target/classes/
18:50:11.659 [main] ERROR h.p.i.m.a.HasScheduleJobProcessing - HOHO
18:50:11.685 [main] ERROR h.p.i.m.a.HasScheduleJobProcessing - Class error: jar:file:/C:/Users/caiho/.m2/repository/com/fasterxml/jackson/dataformat/jackson-dataformat-yaml/2.13.4/jackson-dataformat-yaml-2.13.4.jar!/META-INF/versions/9/
18:50:11.685 [main] ERROR h.p.i.m.a.HasScheduleJobProcessing - Class error: 
18:50:11.685 [main] ERROR h.p.i.m.a.HasScheduleJobProcessing - URI is not hierarchical
18:50:14.657 [main] INFO  hcmute.puzzle.PuzzleUteApplication - Started PuzzleUteApplication in 7.846 seconds (JVM running for 8.491)
18:50:49.778 [pool-10-thread-1] ERROR h.p.services.impl.UserServiceImpl - 
18:51:56.488 [main] INFO  hcmute.puzzle.PuzzleUteApplication - Starting PuzzleUteApplication using Java 18.0.2 on DESKTOP-9UEKMS4 with PID 13052 (E:\GitHub\puzzle-ute\target\classes started by caiho in E:\GitHub\puzzle-ute)
18:51:56.490 [main] INFO  hcmute.puzzle.PuzzleUteApplication - The following 1 profile is active: "local"
18:52:01.125 [main] ERROR h.p.i.m.a.HasScheduleJobProcessing - Class error: file:/E:/GitHub/puzzle-ute/target/classes/
18:52:01.141 [main] ERROR h.p.i.m.a.HasScheduleJobProcessing - HOHO
18:52:01.167 [main] ERROR h.p.i.m.a.HasScheduleJobProcessing - Class error: jar:file:/C:/Users/caiho/.m2/repository/com/fasterxml/jackson/dataformat/jackson-dataformat-yaml/2.13.4/jackson-dataformat-yaml-2.13.4.jar!/META-INF/versions/9/
18:52:01.168 [main] ERROR h.p.i.m.a.HasScheduleJobProcessing - Class error: 
18:52:01.168 [main] ERROR h.p.i.m.a.HasScheduleJobProcessing - URI is not hierarchical
18:52:06.190 [main] INFO  hcmute.puzzle.PuzzleUteApplication - Started PuzzleUteApplication in 10.06 seconds (JVM running for 10.725)
00:18:55.985 [main] INFO  hcmute.puzzle.PuzzleUteApplication - Starting PuzzleUteApplication using Java 18.0.2 on DESKTOP-9UEKMS4 with PID 11068 (E:\GitHub\puzzle-ute\target\classes started by caiho in E:\GitHub\puzzle-ute)
00:18:55.987 [main] INFO  hcmute.puzzle.PuzzleUteApplication - The following 1 profile is active: "local"
00:19:40.582 [main] INFO  hcmute.puzzle.PuzzleUteApplication - Starting PuzzleUteApplication using Java 18.0.2 on DESKTOP-9UEKMS4 with PID 14328 (E:\GitHub\puzzle-ute\target\classes started by caiho in E:\GitHub\puzzle-ute)
00:19:40.583 [main] INFO  hcmute.puzzle.PuzzleUteApplication - The following 1 profile is active: "local"
00:19:45.790 [main] ERROR h.p.i.m.a.HasScheduleJobProcessing - Class error: file:/E:/GitHub/puzzle-ute/target/classes/
00:19:45.807 [main] ERROR h.p.i.m.a.HasScheduleJobProcessing - HOHO
00:19:45.836 [main] ERROR h.p.i.m.a.HasScheduleJobProcessing - Class error: jar:file:/C:/Users/caiho/.m2/repository/com/fasterxml/jackson/dataformat/jackson-dataformat-yaml/2.13.4/jackson-dataformat-yaml-2.13.4.jar!/META-INF/versions/9/
00:19:45.836 [main] ERROR h.p.i.m.a.HasScheduleJobProcessing - Class error: 
00:19:45.836 [main] ERROR h.p.i.m.a.HasScheduleJobProcessing - URI is not hierarchical
00:28:37.475 [main] INFO  hcmute.puzzle.PuzzleUteApplication - Starting PuzzleUteApplication using Java 18.0.2 on DESKTOP-9UEKMS4 with PID 13992 (E:\GitHub\puzzle-ute\target\classes started by caiho in E:\GitHub\puzzle-ute)
00:28:37.477 [main] INFO  hcmute.puzzle.PuzzleUteApplication - The following 1 profile is active: "local"
00:28:42.193 [main] ERROR h.p.i.m.a.HasScheduleJobProcessing - Class error: file:/E:/GitHub/puzzle-ute/target/classes/
00:28:42.211 [main] ERROR h.p.i.m.a.HasScheduleJobProcessing - HOHO
00:28:42.240 [main] ERROR h.p.i.m.a.HasScheduleJobProcessing - Class error: jar:file:/C:/Users/caiho/.m2/repository/com/fasterxml/jackson/dataformat/jackson-dataformat-yaml/2.13.4/jackson-dataformat-yaml-2.13.4.jar!/META-INF/versions/9/
00:28:42.240 [main] ERROR h.p.i.m.a.HasScheduleJobProcessing - Class error: 
00:28:42.240 [main] ERROR h.p.i.m.a.HasScheduleJobProcessing - URI is not hierarchical
00:29:50.601 [main] INFO  hcmute.puzzle.PuzzleUteApplication - Starting PuzzleUteApplication using Java 18.0.2 on DESKTOP-9UEKMS4 with PID 14772 (E:\GitHub\puzzle-ute\target\classes started by caiho in E:\GitHub\puzzle-ute)
00:29:50.602 [main] INFO  hcmute.puzzle.PuzzleUteApplication - The following 1 profile is active: "local"
00:29:55.395 [main] ERROR h.p.i.m.a.HasScheduleJobProcessing - Class error: file:/E:/GitHub/puzzle-ute/target/classes/
00:29:55.410 [main] ERROR h.p.i.m.a.HasScheduleJobProcessing - HOHO
00:29:55.438 [main] ERROR h.p.i.m.a.HasScheduleJobProcessing - Class error: jar:file:/C:/Users/caiho/.m2/repository/io/github/classgraph/classgraph/4.8.83/classgraph-4.8.83.jar!/META-INF/versions/9/
00:29:55.438 [main] ERROR h.p.i.m.a.HasScheduleJobProcessing - Class error: 
00:29:55.438 [main] ERROR h.p.i.m.a.HasScheduleJobProcessing - URI is not hierarchical
00:32:38.662 [main] INFO  hcmute.puzzle.PuzzleUteApplication - Starting PuzzleUteApplication using Java 18.0.2 on DESKTOP-9UEKMS4 with PID 9032 (E:\GitHub\puzzle-ute\target\classes started by caiho in E:\GitHub\puzzle-ute)
00:32:38.665 [main] INFO  hcmute.puzzle.PuzzleUteApplication - The following 1 profile is active: "local"
00:32:43.597 [main] ERROR h.p.i.m.a.HasScheduleJobProcessing - Class error: file:/E:/GitHub/puzzle-ute/target/classes/
00:32:43.613 [main] ERROR h.p.i.m.a.HasScheduleJobProcessing - HOHO
00:32:43.640 [main] ERROR h.p.i.m.a.HasScheduleJobProcessing - Class error: jar:file:/C:/Users/caiho/.m2/repository/io/github/classgraph/classgraph/4.8.83/classgraph-4.8.83.jar!/META-INF/versions/9/
00:32:43.641 [main] ERROR h.p.i.m.a.HasScheduleJobProcessing - Class error: 
00:32:43.641 [main] ERROR h.p.i.m.a.HasScheduleJobProcessing - URI is not hierarchical
00:35:43.875 [main] INFO  hcmute.puzzle.PuzzleUteApplication - Starting PuzzleUteApplication using Java 18.0.2 on DESKTOP-9UEKMS4 with PID 19188 (E:\GitHub\puzzle-ute\target\classes started by caiho in E:\GitHub\puzzle-ute)
00:35:43.881 [main] INFO  hcmute.puzzle.PuzzleUteApplication - The following 1 profile is active: "local"
00:35:48.962 [main] ERROR h.p.i.m.a.HasScheduleJobProcessing - Class error: file:/E:/GitHub/puzzle-ute/target/classes/
00:35:48.982 [main] ERROR h.p.i.m.a.HasScheduleJobProcessing - HOHO
00:35:49.012 [main] ERROR h.p.i.m.a.HasScheduleJobProcessing - Class error: jar:file:/C:/Users/caiho/.m2/repository/io/github/classgraph/classgraph/4.8.83/classgraph-4.8.83.jar!/META-INF/versions/9/
00:35:49.012 [main] ERROR h.p.i.m.a.HasScheduleJobProcessing - Class error: 
00:35:49.012 [main] ERROR h.p.i.m.a.HasScheduleJobProcessing - URI is not hierarchical
00:35:52.019 [main] INFO  hcmute.puzzle.PuzzleUteApplication - Started PuzzleUteApplication in 8.574 seconds (JVM running for 9.357)
00:41:31.492 [main] INFO  hcmute.puzzle.PuzzleUteApplication - Starting PuzzleUteApplication using Java 18.0.2 on DESKTOP-9UEKMS4 with PID 10756 (E:\GitHub\puzzle-ute\target\classes started by caiho in E:\GitHub\puzzle-ute)
00:41:31.494 [main] INFO  hcmute.puzzle.PuzzleUteApplication - The following 1 profile is active: "local"
00:41:36.138 [main] ERROR h.p.i.m.a.HasScheduleJobProcessing - Class error: file:/E:/GitHub/puzzle-ute/target/classes/
00:41:36.154 [main] ERROR h.p.i.m.a.HasScheduleJobProcessing - HOHO
00:41:36.180 [main] ERROR h.p.i.m.a.HasScheduleJobProcessing - Class error: jar:file:/C:/Users/caiho/.m2/repository/io/github/classgraph/classgraph/4.8.83/classgraph-4.8.83.jar!/META-INF/versions/9/
00:41:36.180 [main] ERROR h.p.i.m.a.HasScheduleJobProcessing - Class error: 
00:41:36.180 [main] ERROR h.p.i.m.a.HasScheduleJobProcessing - URI is not hierarchical
00:41:38.974 [main] INFO  hcmute.puzzle.PuzzleUteApplication - Started PuzzleUteApplication in 7.873 seconds (JVM running for 8.539)
00:44:19.249 [main] INFO  hcmute.puzzle.PuzzleUteApplication - Starting PuzzleUteApplication using Java 18.0.2 on DESKTOP-9UEKMS4 with PID 18616 (E:\GitHub\puzzle-ute\target\classes started by caiho in E:\GitHub\puzzle-ute)
00:44:19.251 [main] INFO  hcmute.puzzle.PuzzleUteApplication - The following 1 profile is active: "local"
00:44:23.590 [main] ERROR h.p.i.m.a.HasScheduleJobProcessing - Class error: file:/E:/GitHub/puzzle-ute/target/classes/
00:44:23.606 [main] ERROR h.p.i.m.a.HasScheduleJobProcessing - HOHO
00:44:23.634 [main] ERROR h.p.i.m.a.HasScheduleJobProcessing - Class error: jar:file:/C:/Users/caiho/.m2/repository/io/github/classgraph/classgraph/4.8.83/classgraph-4.8.83.jar!/META-INF/versions/9/
00:44:23.634 [main] ERROR h.p.i.m.a.HasScheduleJobProcessing - Class error: 
00:44:23.634 [main] ERROR h.p.i.m.a.HasScheduleJobProcessing - URI is not hierarchical
00:44:26.448 [main] INFO  hcmute.puzzle.PuzzleUteApplication - Started PuzzleUteApplication in 7.604 seconds (JVM running for 8.265)
00:50:02.610 [main] INFO  hcmute.puzzle.PuzzleUteApplication - Starting PuzzleUteApplication using Java 18.0.2 on DESKTOP-9UEKMS4 with PID 14164 (E:\GitHub\puzzle-ute\target\classes started by caiho in E:\GitHub\puzzle-ute)
00:50:02.613 [main] INFO  hcmute.puzzle.PuzzleUteApplication - The following 1 profile is active: "local"
00:50:07.894 [main] ERROR h.p.i.m.a.HasScheduleJobProcessing - Class error: file:/E:/GitHub/puzzle-ute/target/classes/
00:50:07.910 [main] ERROR h.p.i.m.a.HasScheduleJobProcessing - HOHO
00:50:07.935 [main] ERROR h.p.i.m.a.HasScheduleJobProcessing - Class error: jar:file:/C:/Users/caiho/.m2/repository/io/github/classgraph/classgraph/4.8.83/classgraph-4.8.83.jar!/META-INF/versions/9/
00:50:07.935 [main] ERROR h.p.i.m.a.HasScheduleJobProcessing - Class error: 
00:50:07.935 [main] ERROR h.p.i.m.a.HasScheduleJobProcessing - URI is not hierarchical
00:51:31.521 [main] INFO  hcmute.puzzle.PuzzleUteApplication - Starting PuzzleUteApplication using Java 18.0.2 on DESKTOP-9UEKMS4 with PID 1660 (E:\GitHub\puzzle-ute\target\classes started by caiho in E:\GitHub\puzzle-ute)
00:51:31.525 [main] INFO  hcmute.puzzle.PuzzleUteApplication - The following 1 profile is active: "local"
00:51:36.064 [main] ERROR h.p.i.m.a.HasScheduleJobProcessing - Class error: file:/E:/GitHub/puzzle-ute/target/classes/
00:51:36.080 [main] ERROR h.p.i.m.a.HasScheduleJobProcessing - HOHO
00:51:36.106 [main] ERROR h.p.i.m.a.HasScheduleJobProcessing - Class error: jar:file:/C:/Users/caiho/.m2/repository/io/github/classgraph/classgraph/4.8.83/classgraph-4.8.83.jar!/META-INF/versions/9/
00:51:36.106 [main] ERROR h.p.i.m.a.HasScheduleJobProcessing - Class error: 
00:51:36.106 [main] ERROR h.p.i.m.a.HasScheduleJobProcessing - URI is not hierarchical
00:54:37.474 [main] INFO  hcmute.puzzle.PuzzleUteApplication - Starting PuzzleUteApplication using Java 18.0.2 on DESKTOP-9UEKMS4 with PID 18752 (E:\GitHub\puzzle-ute\target\classes started by caiho in E:\GitHub\puzzle-ute)
00:54:37.475 [main] INFO  hcmute.puzzle.PuzzleUteApplication - The following 1 profile is active: "local"
00:54:42.162 [main] ERROR h.p.i.m.a.HasScheduleJobProcessing - Class error: file:/E:/GitHub/puzzle-ute/target/classes/
00:54:42.179 [main] ERROR h.p.i.m.a.HasScheduleJobProcessing - HOHO
00:54:42.205 [main] ERROR h.p.i.m.a.HasScheduleJobProcessing - Class error: jar:file:/C:/Users/caiho/.m2/repository/io/github/classgraph/classgraph/4.8.83/classgraph-4.8.83.jar!/META-INF/versions/9/
00:54:42.205 [main] ERROR h.p.i.m.a.HasScheduleJobProcessing - Class error: 
00:54:42.205 [main] ERROR h.p.i.m.a.HasScheduleJobProcessing - URI is not hierarchical
00:54:45.611 [main] INFO  hcmute.puzzle.PuzzleUteApplication - Started PuzzleUteApplication in 8.496 seconds (JVM running for 9.173)
01:00:39.590 [main] INFO  hcmute.puzzle.PuzzleUteApplication - Starting PuzzleUteApplication using Java 18.0.2 on DESKTOP-9UEKMS4 with PID 13524 (E:\GitHub\puzzle-ute\target\classes started by caiho in E:\GitHub\puzzle-ute)
01:00:39.591 [main] INFO  hcmute.puzzle.PuzzleUteApplication - The following 1 profile is active: "local"
01:00:44.368 [main] ERROR h.p.i.m.a.HasScheduleJobProcessing - Class error: file:/E:/GitHub/puzzle-ute/target/classes/
01:00:44.385 [main] ERROR h.p.i.m.a.HasScheduleJobProcessing - HOHO
01:00:44.410 [main] ERROR h.p.i.m.a.HasScheduleJobProcessing - Class error: jar:file:/C:/Users/caiho/.m2/repository/io/github/classgraph/classgraph/4.8.83/classgraph-4.8.83.jar!/META-INF/versions/9/
01:00:44.411 [main] ERROR h.p.i.m.a.HasScheduleJobProcessing - Class error: 
01:00:44.411 [main] ERROR h.p.i.m.a.HasScheduleJobProcessing - URI is not hierarchical
01:00:47.967 [main] INFO  hcmute.puzzle.PuzzleUteApplication - Started PuzzleUteApplication in 8.736 seconds (JVM running for 9.409)
01:12:50.577 [main] INFO  hcmute.puzzle.PuzzleUteApplication - Starting PuzzleUteApplication using Java 18.0.2 on DESKTOP-9UEKMS4 with PID 15268 (E:\GitHub\puzzle-ute\target\classes started by caiho in E:\GitHub\puzzle-ute)
01:12:50.579 [main] INFO  hcmute.puzzle.PuzzleUteApplication - The following 1 profile is active: "local"
01:12:55.139 [main] ERROR h.p.i.m.a.HasScheduleJobProcessing - Class error: file:/E:/GitHub/puzzle-ute/target/classes/
01:12:55.165 [main] ERROR h.p.i.m.a.HasScheduleJobProcessing - HOHO
01:12:55.194 [main] ERROR h.p.i.m.a.HasScheduleJobProcessing - Class error: jar:file:/C:/Users/caiho/.m2/repository/io/github/classgraph/classgraph/4.8.83/classgraph-4.8.83.jar!/META-INF/versions/9/
01:12:55.194 [main] ERROR h.p.i.m.a.HasScheduleJobProcessing - Class error: 
01:12:55.194 [main] ERROR h.p.i.m.a.HasScheduleJobProcessing - URI is not hierarchical
01:12:58.935 [main] INFO  hcmute.puzzle.PuzzleUteApplication - Started PuzzleUteApplication in 8.699 seconds (JVM running for 9.35)
01:31:30.579 [main] INFO  hcmute.puzzle.PuzzleUteApplication - Starting PuzzleUteApplication using Java 18.0.2 on DESKTOP-9UEKMS4 with PID 7384 (E:\GitHub\puzzle-ute\target\classes started by caiho in E:\GitHub\puzzle-ute)
01:31:30.581 [main] INFO  hcmute.puzzle.PuzzleUteApplication - The following 1 profile is active: "local"
01:31:36.429 [main] ERROR h.p.i.m.a.HasScheduleJobProcessing - Class error: file:/E:/GitHub/puzzle-ute/target/classes/
01:31:36.446 [main] ERROR h.p.i.m.a.HasScheduleJobProcessing - HOHO
01:31:36.480 [main] ERROR h.p.i.m.a.HasScheduleJobProcessing - Class error: jar:file:/C:/Users/caiho/.m2/repository/io/github/classgraph/classgraph/4.8.83/classgraph-4.8.83.jar!/META-INF/versions/9/
01:31:36.480 [main] ERROR h.p.i.m.a.HasScheduleJobProcessing - Class error: 
01:31:36.480 [main] ERROR h.p.i.m.a.HasScheduleJobProcessing - URI is not hierarchical
01:31:40.917 [main] INFO  hcmute.puzzle.PuzzleUteApplication - Started PuzzleUteApplication in 10.843 seconds (JVM running for 12.74)
01:32:20.250 [main] INFO  hcmute.puzzle.PuzzleUteApplication - Starting PuzzleUteApplication using Java 18.0.2 on DESKTOP-9UEKMS4 with PID 13308 (E:\GitHub\puzzle-ute\target\classes started by caiho in E:\GitHub\puzzle-ute)
01:32:20.253 [main] INFO  hcmute.puzzle.PuzzleUteApplication - The following 1 profile is active: "local"
01:32:25.312 [main] ERROR h.p.i.m.a.HasScheduleJobProcessing - Class error: file:/E:/GitHub/puzzle-ute/target/classes/
01:32:25.329 [main] ERROR h.p.i.m.a.HasScheduleJobProcessing - HOHO
01:32:25.360 [main] ERROR h.p.i.m.a.HasScheduleJobProcessing - Class error: jar:file:/C:/Users/caiho/.m2/repository/io/github/classgraph/classgraph/4.8.83/classgraph-4.8.83.jar!/META-INF/versions/9/
01:32:25.360 [main] ERROR h.p.i.m.a.HasScheduleJobProcessing - Class error: 
01:32:25.360 [main] ERROR h.p.i.m.a.HasScheduleJobProcessing - URI is not hierarchical
01:32:28.851 [main] INFO  hcmute.puzzle.PuzzleUteApplication - Started PuzzleUteApplication in 8.987 seconds (JVM running for 9.666)
01:42:19.967 [main] INFO  hcmute.puzzle.PuzzleUteApplication - Starting PuzzleUteApplication using Java 18.0.2 on DESKTOP-9UEKMS4 with PID 10716 (E:\GitHub\puzzle-ute\target\classes started by caiho in E:\GitHub\puzzle-ute)
01:42:19.973 [main] INFO  hcmute.puzzle.PuzzleUteApplication - The following 1 profile is active: "local"
01:42:25.367 [main] ERROR h.p.i.m.a.HasScheduleJobProcessing - Class error: file:/E:/GitHub/puzzle-ute/target/classes/
01:42:25.383 [main] ERROR h.p.i.m.a.HasScheduleJobProcessing - HOHO
01:42:25.409 [main] ERROR h.p.i.m.a.HasScheduleJobProcessing - Class error: jar:file:/C:/Users/caiho/.m2/repository/io/github/classgraph/classgraph/4.8.83/classgraph-4.8.83.jar!/META-INF/versions/9/
01:42:25.409 [main] ERROR h.p.i.m.a.HasScheduleJobProcessing - Class error: 
01:42:25.409 [main] ERROR h.p.i.m.a.HasScheduleJobProcessing - URI is not hierarchical
01:42:29.199 [main] INFO  hcmute.puzzle.PuzzleUteApplication - Started PuzzleUteApplication in 9.655 seconds (JVM running for 10.449)
01:44:46.038 [main] INFO  hcmute.puzzle.PuzzleUteApplication - Starting PuzzleUteApplication using Java 18.0.2 on DESKTOP-9UEKMS4 with PID 20100 (E:\GitHub\puzzle-ute\target\classes started by caiho in E:\GitHub\puzzle-ute)
01:44:46.039 [main] INFO  hcmute.puzzle.PuzzleUteApplication - The following 1 profile is active: "local"
01:44:51.121 [main] ERROR h.p.i.m.a.HasScheduleJobProcessing - Class error: file:/E:/GitHub/puzzle-ute/target/classes/
01:44:51.139 [main] ERROR h.p.i.m.a.HasScheduleJobProcessing - HOHO
01:44:51.169 [main] ERROR h.p.i.m.a.HasScheduleJobProcessing - Class error: jar:file:/C:/Users/caiho/.m2/repository/io/github/classgraph/classgraph/4.8.83/classgraph-4.8.83.jar!/META-INF/versions/9/
01:44:51.169 [main] ERROR h.p.i.m.a.HasScheduleJobProcessing - Class error: 
01:44:51.169 [main] ERROR h.p.i.m.a.HasScheduleJobProcessing - URI is not hierarchical
01:44:54.798 [main] INFO  hcmute.puzzle.PuzzleUteApplication - Started PuzzleUteApplication in 9.154 seconds (JVM running for 9.858)
01:47:27.671 [http-nio-8080-exec-1] ERROR h.p.exception.MyExceptionHandler - EMAIL ISN'T EXISTS
01:47:38.512 [http-nio-8080-exec-6] ERROR h.p.exception.MyExceptionHandler - Could not commit JPA transaction; nested exception is javax.persistence.RollbackException: Error while committing the transaction
01:48:09.068 [http-nio-8080-exec-10] ERROR h.p.exception.MyExceptionHandler - Could not commit JPA transaction; nested exception is javax.persistence.RollbackException: Error while committing the transaction
01:49:22.845 [http-nio-8080-exec-8] ERROR h.p.exception.MyExceptionHandler - Could not commit JPA transaction; nested exception is javax.persistence.RollbackException: Error while committing the transaction
01:51:01.375 [http-nio-8080-exec-3] ERROR h.p.exception.MyExceptionHandler - Could not commit JPA transaction; nested exception is javax.persistence.RollbackException: Error while committing the transaction
01:51:46.516 [main] INFO  hcmute.puzzle.PuzzleUteApplication - Starting PuzzleUteApplication using Java 18.0.2 on DESKTOP-9UEKMS4 with PID 20540 (E:\GitHub\puzzle-ute\target\classes started by caiho in E:\GitHub\puzzle-ute)
01:51:46.519 [main] INFO  hcmute.puzzle.PuzzleUteApplication - The following 1 profile is active: "local"
01:51:51.688 [main] ERROR h.p.i.m.a.HasScheduleJobProcessing - Class error: file:/E:/GitHub/puzzle-ute/target/classes/
01:51:51.710 [main] ERROR h.p.i.m.a.HasScheduleJobProcessing - HOHO
01:51:51.739 [main] ERROR h.p.i.m.a.HasScheduleJobProcessing - Class error: jar:file:/C:/Users/caiho/.m2/repository/io/github/classgraph/classgraph/4.8.83/classgraph-4.8.83.jar!/META-INF/versions/9/
01:51:51.740 [main] ERROR h.p.i.m.a.HasScheduleJobProcessing - Class error: 
01:51:51.740 [main] ERROR h.p.i.m.a.HasScheduleJobProcessing - URI is not hierarchical
01:51:55.758 [main] INFO  hcmute.puzzle.PuzzleUteApplication - Started PuzzleUteApplication in 9.631 seconds (JVM running for 10.326)
01:51:57.350 [http-nio-8080-exec-1] ERROR h.p.exception.MyExceptionHandler - Could not commit JPA transaction; nested exception is javax.persistence.RollbackException: Error while committing the transaction
01:54:36.366 [http-nio-8080-exec-4] ERROR h.p.exception.MyExceptionHandler - Could not commit JPA transaction; nested exception is javax.persistence.RollbackException: Error while committing the transaction
01:56:41.700 [main] INFO  hcmute.puzzle.PuzzleUteApplication - Starting PuzzleUteApplication using Java 18.0.2 on DESKTOP-9UEKMS4 with PID 13332 (E:\GitHub\puzzle-ute\target\classes started by caiho in E:\GitHub\puzzle-ute)
01:56:41.706 [main] INFO  hcmute.puzzle.PuzzleUteApplication - The following 1 profile is active: "local"
01:56:46.701 [main] ERROR h.p.i.m.a.HasScheduleJobProcessing - Class error: file:/E:/GitHub/puzzle-ute/target/classes/
01:56:46.717 [main] ERROR h.p.i.m.a.HasScheduleJobProcessing - HOHO
01:56:46.744 [main] ERROR h.p.i.m.a.HasScheduleJobProcessing - Class error: jar:file:/C:/Users/caiho/.m2/repository/io/github/classgraph/classgraph/4.8.83/classgraph-4.8.83.jar!/META-INF/versions/9/
01:56:46.744 [main] ERROR h.p.i.m.a.HasScheduleJobProcessing - Class error: 
01:56:46.745 [main] ERROR h.p.i.m.a.HasScheduleJobProcessing - URI is not hierarchical
01:56:50.859 [main] INFO  hcmute.puzzle.PuzzleUteApplication - Started PuzzleUteApplication in 9.606 seconds (JVM running for 10.323)
01:57:04.959 [http-nio-8080-exec-5] ERROR h.p.exception.MyExceptionHandler - Could not commit JPA transaction; nested exception is javax.persistence.RollbackException: Error while committing the transaction
01:59:28.713 [main] INFO  hcmute.puzzle.PuzzleUteApplication - Starting PuzzleUteApplication using Java 18.0.2 on DESKTOP-9UEKMS4 with PID 16944 (E:\GitHub\puzzle-ute\target\classes started by caiho in E:\GitHub\puzzle-ute)
01:59:28.715 [main] INFO  hcmute.puzzle.PuzzleUteApplication - The following 1 profile is active: "local"
01:59:33.683 [main] ERROR h.p.i.m.a.HasScheduleJobProcessing - Class error: file:/E:/GitHub/puzzle-ute/target/classes/
01:59:33.702 [main] ERROR h.p.i.m.a.HasScheduleJobProcessing - HOHO
01:59:33.733 [main] ERROR h.p.i.m.a.HasScheduleJobProcessing - Class error: jar:file:/C:/Users/caiho/.m2/repository/io/github/classgraph/classgraph/4.8.83/classgraph-4.8.83.jar!/META-INF/versions/9/
01:59:33.733 [main] ERROR h.p.i.m.a.HasScheduleJobProcessing - Class error: 
01:59:33.733 [main] ERROR h.p.i.m.a.HasScheduleJobProcessing - URI is not hierarchical
01:59:37.484 [main] INFO  hcmute.puzzle.PuzzleUteApplication - Started PuzzleUteApplication in 9.133 seconds (JVM running for 9.821)
01:59:52.076 [http-nio-8080-exec-1] ERROR h.p.exception.MyExceptionHandler - THIS ACCOUNT ISN'T ACTIVE
02:00:54.616 [http-nio-8080-exec-5] ERROR h.p.exception.MyExceptionHandler - Could not commit JPA transaction; nested exception is javax.persistence.RollbackException: Error while committing the transaction
02:06:34.833 [main] INFO  hcmute.puzzle.PuzzleUteApplication - Starting PuzzleUteApplication using Java 18.0.2 on DESKTOP-9UEKMS4 with PID 10736 (E:\GitHub\puzzle-ute\target\classes started by caiho in E:\GitHub\puzzle-ute)
02:06:34.835 [main] INFO  hcmute.puzzle.PuzzleUteApplication - The following 1 profile is active: "local"
02:06:39.306 [main] ERROR h.p.i.m.a.HasScheduleJobProcessing - Class error: file:/E:/GitHub/puzzle-ute/target/classes/
02:06:39.322 [main] ERROR h.p.i.m.a.HasScheduleJobProcessing - HOHO
02:06:39.348 [main] ERROR h.p.i.m.a.HasScheduleJobProcessing - Class error: jar:file:/C:/Users/caiho/.m2/repository/io/github/classgraph/classgraph/4.8.83/classgraph-4.8.83.jar!/META-INF/versions/9/
02:06:39.348 [main] ERROR h.p.i.m.a.HasScheduleJobProcessing - Class error: 
02:06:39.349 [main] ERROR h.p.i.m.a.HasScheduleJobProcessing - URI is not hierarchical
02:06:42.909 [main] INFO  hcmute.puzzle.PuzzleUteApplication - Started PuzzleUteApplication in 8.42 seconds (JVM running for 9.039)
02:07:01.357 [http-nio-8080-exec-2] ERROR h.p.exception.MyExceptionHandler - Could not commit JPA transaction; nested exception is javax.persistence.RollbackException: Error while committing the transaction
02:08:09.245 [http-nio-8080-exec-5] ERROR h.p.exception.MyExceptionHandler - Could not commit JPA transaction; nested exception is javax.persistence.RollbackException: Error while committing the transaction
02:08:18.167 [http-nio-8080-exec-6] ERROR h.p.exception.MyExceptionHandler - Could not commit JPA transaction; nested exception is javax.persistence.RollbackException: Error while committing the transaction
02:08:27.293 [http-nio-8080-exec-7] ERROR h.p.exception.MyExceptionHandler - Email already exists
02:08:31.851 [http-nio-8080-exec-8] ERROR h.p.exception.MyExceptionHandler - Email already exists
02:08:35.707 [http-nio-8080-exec-9] ERROR h.p.exception.MyExceptionHandler - null
02:10:57.089 [http-nio-8080-exec-10] ERROR h.p.exception.MyExceptionHandler - null
02:11:12.457 [main] INFO  hcmute.puzzle.PuzzleUteApplication - Starting PuzzleUteApplication using Java 18.0.2 on DESKTOP-9UEKMS4 with PID 7540 (E:\GitHub\puzzle-ute\target\classes started by caiho in E:\GitHub\puzzle-ute)
02:11:12.459 [main] INFO  hcmute.puzzle.PuzzleUteApplication - The following 1 profile is active: "local"
02:11:16.849 [main] ERROR h.p.i.m.a.HasScheduleJobProcessing - Class error: file:/E:/GitHub/puzzle-ute/target/classes/
02:11:16.868 [main] ERROR h.p.i.m.a.HasScheduleJobProcessing - HOHO
02:11:16.893 [main] ERROR h.p.i.m.a.HasScheduleJobProcessing - Class error: jar:file:/C:/Users/caiho/.m2/repository/io/github/classgraph/classgraph/4.8.83/classgraph-4.8.83.jar!/META-INF/versions/9/
02:11:16.894 [main] ERROR h.p.i.m.a.HasScheduleJobProcessing - Class error: 
02:11:16.894 [main] ERROR h.p.i.m.a.HasScheduleJobProcessing - URI is not hierarchical
02:11:20.385 [main] INFO  hcmute.puzzle.PuzzleUteApplication - Started PuzzleUteApplication in 8.273 seconds (JVM running for 8.927)
02:12:15.336 [http-nio-8080-exec-3] ERROR h.puzzle.controller.CommonController - null
java.lang.NullPointerException: null
	at java.base/java.util.Objects.requireNonNull(Objects.java:208)
	at java.base/java.util.Optional.of(Optional.java:113)
	at hcmute.puzzle.configuration.AuditorAwareImpl.getCurrentAuditor(AuditorAwareImpl.java:33)
	at java.base/jdk.internal.reflect.DirectMethodHandleAccessor.invoke(DirectMethodHandleAccessor.java:104)
	at java.base/java.lang.reflect.Method.invoke(Method.java:577)
	at org.springframework.aop.support.AopUtils.invokeJoinpointUsingReflection(AopUtils.java:344)
	at org.springframework.aop.framework.JdkDynamicAopProxy.invoke(JdkDynamicAopProxy.java:208)
	at jdk.proxy2/jdk.proxy2.$Proxy258.getCurrentAuditor(Unknown Source)
	at java.base/java.util.Optional.map(Optional.java:260)
	at org.springframework.data.auditing.AuditingHandler.getAuditor(AuditingHandler.java:109)
	at org.springframework.data.auditing.AuditingHandler.markCreated(AuditingHandler.java:92)
	at org.springframework.data.jpa.domain.support.AuditingEntityListener.touchForCreate(AuditingEntityListener.java:92)
	at java.base/jdk.internal.reflect.DirectMethodHandleAccessor.invoke(DirectMethodHandleAccessor.java:104)
	at java.base/java.lang.reflect.Method.invoke(Method.java:577)
	at org.hibernate.jpa.event.internal.ListenerCallback.performCallback(ListenerCallback.java:55)
	at org.hibernate.jpa.event.internal.CallbackRegistryImpl.callback(CallbackRegistryImpl.java:97)
	at org.hibernate.jpa.event.internal.CallbackRegistryImpl.preCreate(CallbackRegistryImpl.java:57)
	at org.hibernate.event.internal.AbstractSaveEventListener.saveWithGeneratedId(AbstractSaveEventListener.java:108)
	at org.hibernate.event.internal.DefaultPersistEventListener.entityIsTransient(DefaultPersistEventListener.java:185)
	at org.hibernate.event.internal.DefaultPersistEventListener.onPersist(DefaultPersistEventListener.java:128)
	at org.hibernate.event.internal.DefaultPersistEventListener.onPersist(DefaultPersistEventListener.java:55)
	at org.hibernate.event.service.internal.EventListenerGroupImpl.fireEventOnEachListener(EventListenerGroupImpl.java:107)
	at org.hibernate.internal.SessionImpl.firePersist(SessionImpl.java:756)
	at org.hibernate.internal.SessionImpl.persist(SessionImpl.java:742)
	at java.base/jdk.internal.reflect.DirectMethodHandleAccessor.invoke(DirectMethodHandleAccessor.java:104)
	at java.base/java.lang.reflect.Method.invoke(Method.java:577)
	at org.springframework.orm.jpa.ExtendedEntityManagerCreator$ExtendedEntityManagerInvocationHandler.invoke(ExtendedEntityManagerCreator.java:362)
	at jdk.proxy2/jdk.proxy2.$Proxy186.persist(Unknown Source)
	at java.base/jdk.internal.reflect.DirectMethodHandleAccessor.invoke(DirectMethodHandleAccessor.java:104)
	at java.base/java.lang.reflect.Method.invoke(Method.java:577)
	at org.springframework.orm.jpa.SharedEntityManagerCreator$SharedEntityManagerInvocationHandler.invoke(SharedEntityManagerCreator.java:311)
	at jdk.proxy2/jdk.proxy2.$Proxy186.persist(Unknown Source)
	at org.springframework.data.jpa.repository.support.SimpleJpaRepository.save(SimpleJpaRepository.java:666)
	at java.base/jdk.internal.reflect.DirectMethodHandleAccessor.invoke(DirectMethodHandleAccessor.java:104)
	at java.base/java.lang.reflect.Method.invoke(Method.java:577)
	at org.springframework.data.repository.core.support.RepositoryMethodInvoker$RepositoryFragmentMethodInvoker.lambda$new$0(RepositoryMethodInvoker.java:289)
	at org.springframework.data.repository.core.support.RepositoryMethodInvoker.doInvoke(RepositoryMethodInvoker.java:137)
	at org.springframework.data.repository.core.support.RepositoryMethodInvoker.invoke(RepositoryMethodInvoker.java:121)
	at org.springframework.data.repository.core.support.RepositoryComposition$RepositoryFragments.invoke(RepositoryComposition.java:530)
	at org.springframework.data.repository.core.support.RepositoryComposition.invoke(RepositoryComposition.java:286)
	at org.springframework.data.repository.core.support.RepositoryFactorySupport$ImplementationMethodExecutionInterceptor.invoke(RepositoryFactorySupport.java:640)
	at org.springframework.aop.framework.ReflectiveMethodInvocation.proceed(ReflectiveMethodInvocation.java:186)
	at org.springframework.data.repository.core.support.QueryExecutorMethodInterceptor.doInvoke(QueryExecutorMethodInterceptor.java:164)
	at org.springframework.data.repository.core.support.QueryExecutorMethodInterceptor.invoke(QueryExecutorMethodInterceptor.java:139)
	at org.springframework.aop.framework.ReflectiveMethodInvocation.proceed(ReflectiveMethodInvocation.java:186)
	at org.springframework.data.projection.DefaultMethodInvokingMethodInterceptor.invoke(DefaultMethodInvokingMethodInterceptor.java:81)
	at org.springframework.aop.framework.ReflectiveMethodInvocation.proceed(ReflectiveMethodInvocation.java:186)
	at org.springframework.transaction.interceptor.TransactionInterceptor$1.proceedWithInvocation(TransactionInterceptor.java:123)
	at org.springframework.transaction.interceptor.TransactionAspectSupport.invokeWithinTransaction(TransactionAspectSupport.java:388)
	at org.springframework.transaction.interceptor.TransactionInterceptor.invoke(TransactionInterceptor.java:119)
	at org.springframework.aop.framework.ReflectiveMethodInvocation.proceed(ReflectiveMethodInvocation.java:186)
	at org.springframework.dao.support.PersistenceExceptionTranslationInterceptor.invoke(PersistenceExceptionTranslationInterceptor.java:137)
	at org.springframework.aop.framework.ReflectiveMethodInvocation.proceed(ReflectiveMethodInvocation.java:186)
	at org.springframework.data.jpa.repository.support.CrudMethodMetadataPostProcessor$CrudMethodMetadataPopulatingMethodInterceptor.invoke(CrudMethodMetadataPostProcessor.java:174)
	at org.springframework.aop.framework.ReflectiveMethodInvocation.proceed(ReflectiveMethodInvocation.java:186)
	at org.springframework.aop.interceptor.ExposeInvocationInterceptor.invoke(ExposeInvocationInterceptor.java:97)
	at org.springframework.aop.framework.ReflectiveMethodInvocation.proceed(ReflectiveMethodInvocation.java:186)
	at org.springframework.aop.framework.JdkDynamicAopProxy.invoke(JdkDynamicAopProxy.java:215)
	at jdk.proxy2/jdk.proxy2.$Proxy191.save(Unknown Source)
	at hcmute.puzzle.services.impl.UserServiceImpl.registerUserForAdmin(UserServiceImpl.java:123)
	at hcmute.puzzle.services.impl.UserServiceImpl.registerUser(UserServiceImpl.java:71)
	at hcmute.puzzle.services.impl.UserServiceImpl$$FastClassBySpringCGLIB$$f7356fb6.invoke(<generated>)
	at org.springframework.cglib.proxy.MethodProxy.invoke(MethodProxy.java:218)
	at org.springframework.aop.framework.CglibAopProxy.invokeMethod(CglibAopProxy.java:386)
	at org.springframework.aop.framework.CglibAopProxy.access$000(CglibAopProxy.java:85)
	at org.springframework.aop.framework.CglibAopProxy$DynamicAdvisedInterceptor.intercept(CglibAopProxy.java:704)
	at hcmute.puzzle.services.impl.UserServiceImpl$$EnhancerBySpringCGLIB$$7b053436.registerUser(<generated>)
	at hcmute.puzzle.controller.CommonController.registerAccount(CommonController.java:435)
	at java.base/jdk.internal.reflect.DirectMethodHandleAccessor.invoke(DirectMethodHandleAccessor.java:104)
	at java.base/java.lang.reflect.Method.invoke(Method.java:577)
	at org.springframework.web.method.support.InvocableHandlerMethod.doInvoke(InvocableHandlerMethod.java:205)
	at org.springframework.web.method.support.InvocableHandlerMethod.invokeForRequest(InvocableHandlerMethod.java:150)
	at org.springframework.web.servlet.mvc.method.annotation.ServletInvocableHandlerMethod.invokeAndHandle(ServletInvocableHandlerMethod.java:117)
	at org.springframework.web.servlet.mvc.method.annotation.RequestMappingHandlerAdapter.invokeHandlerMethod(RequestMappingHandlerAdapter.java:895)
	at org.springframework.web.servlet.mvc.method.annotation.RequestMappingHandlerAdapter.handleInternal(RequestMappingHandlerAdapter.java:808)
	at org.springframework.web.servlet.mvc.method.AbstractHandlerMethodAdapter.handle(AbstractHandlerMethodAdapter.java:87)
	at org.springframework.web.servlet.DispatcherServlet.doDispatch(DispatcherServlet.java:1071)
	at org.springframework.web.servlet.DispatcherServlet.doService(DispatcherServlet.java:964)
	at org.springframework.web.servlet.FrameworkServlet.processRequest(FrameworkServlet.java:1006)
	at org.springframework.web.servlet.FrameworkServlet.doPost(FrameworkServlet.java:909)
	at javax.servlet.http.HttpServlet.service(HttpServlet.java:681)
	at org.springframework.web.servlet.FrameworkServlet.service(FrameworkServlet.java:883)
	at javax.servlet.http.HttpServlet.service(HttpServlet.java:764)
	at org.apache.catalina.core.ApplicationFilterChain.internalDoFilter(ApplicationFilterChain.java:227)
	at org.apache.catalina.core.ApplicationFilterChain.doFilter(ApplicationFilterChain.java:162)
	at org.apache.tomcat.websocket.server.WsFilter.doFilter(WsFilter.java:53)
	at org.apache.catalina.core.ApplicationFilterChain.internalDoFilter(ApplicationFilterChain.java:189)
	at org.apache.catalina.core.ApplicationFilterChain.doFilter(ApplicationFilterChain.java:162)
	at org.springframework.web.filter.OncePerRequestFilter.doFilter(OncePerRequestFilter.java:111)
	at org.apache.catalina.core.ApplicationFilterChain.internalDoFilter(ApplicationFilterChain.java:189)
	at org.apache.catalina.core.ApplicationFilterChain.doFilter(ApplicationFilterChain.java:162)
	at org.springframework.security.web.FilterChainProxy$VirtualFilterChain.doFilter(FilterChainProxy.java:337)
	at org.springframework.security.web.access.intercept.FilterSecurityInterceptor.invoke(FilterSecurityInterceptor.java:115)
	at org.springframework.security.web.access.intercept.FilterSecurityInterceptor.doFilter(FilterSecurityInterceptor.java:81)
	at org.springframework.security.web.FilterChainProxy$VirtualFilterChain.doFilter(FilterChainProxy.java:346)
	at org.springframework.security.web.access.ExceptionTranslationFilter.doFilter(ExceptionTranslationFilter.java:122)
	at org.springframework.security.web.access.ExceptionTranslationFilter.doFilter(ExceptionTranslationFilter.java:116)
	at org.springframework.security.web.FilterChainProxy$VirtualFilterChain.doFilter(FilterChainProxy.java:346)
	at org.springframework.security.web.session.SessionManagementFilter.doFilter(SessionManagementFilter.java:126)
	at org.springframework.security.web.session.SessionManagementFilter.doFilter(SessionManagementFilter.java:81)
	at org.springframework.security.web.FilterChainProxy$VirtualFilterChain.doFilter(FilterChainProxy.java:346)
	at org.springframework.security.web.authentication.AnonymousAuthenticationFilter.doFilter(AnonymousAuthenticationFilter.java:109)
	at org.springframework.security.web.FilterChainProxy$VirtualFilterChain.doFilter(FilterChainProxy.java:346)
	at org.springframework.security.web.authentication.rememberme.RememberMeAuthenticationFilter.doFilter(RememberMeAuthenticationFilter.java:141)
	at org.springframework.security.web.authentication.rememberme.RememberMeAuthenticationFilter.doFilter(RememberMeAuthenticationFilter.java:97)
	at org.springframework.security.web.FilterChainProxy$VirtualFilterChain.doFilter(FilterChainProxy.java:346)
	at org.springframework.security.web.servletapi.SecurityContextHolderAwareRequestFilter.doFilter(SecurityContextHolderAwareRequestFilter.java:149)
	at org.springframework.security.web.FilterChainProxy$VirtualFilterChain.doFilter(FilterChainProxy.java:346)
	at org.springframework.security.web.savedrequest.RequestCacheAwareFilter.doFilter(RequestCacheAwareFilter.java:63)
	at org.springframework.security.web.FilterChainProxy$VirtualFilterChain.doFilter(FilterChainProxy.java:346)
	at org.springframework.security.web.authentication.www.BasicAuthenticationFilter.doFilterInternal(BasicAuthenticationFilter.java:166)
	at org.springframework.web.filter.OncePerRequestFilter.doFilter(OncePerRequestFilter.java:117)
	at org.springframework.security.web.FilterChainProxy$VirtualFilterChain.doFilter(FilterChainProxy.java:346)
	at hcmute.puzzle.filter.JwtAuthenticationFilter.doFilterInternal(JwtAuthenticationFilter.java:98)
	at org.springframework.web.filter.OncePerRequestFilter.doFilter(OncePerRequestFilter.java:117)
	at org.springframework.security.web.FilterChainProxy$VirtualFilterChain.doFilter(FilterChainProxy.java:346)
	at org.springframework.security.web.authentication.logout.LogoutFilter.doFilter(LogoutFilter.java:103)
	at org.springframework.security.web.authentication.logout.LogoutFilter.doFilter(LogoutFilter.java:89)
	at org.springframework.security.web.FilterChainProxy$VirtualFilterChain.doFilter(FilterChainProxy.java:346)
	at org.springframework.security.web.header.HeaderWriterFilter.doHeadersAfter(HeaderWriterFilter.java:90)
	at org.springframework.security.web.header.HeaderWriterFilter.doFilterInternal(HeaderWriterFilter.java:75)
	at org.springframework.web.filter.OncePerRequestFilter.doFilter(OncePerRequestFilter.java:117)
	at org.springframework.security.web.FilterChainProxy$VirtualFilterChain.doFilter(FilterChainProxy.java:346)
	at org.springframework.security.web.context.SecurityContextPersistenceFilter.doFilter(SecurityContextPersistenceFilter.java:112)
	at org.springframework.security.web.context.SecurityContextPersistenceFilter.doFilter(SecurityContextPersistenceFilter.java:82)
	at org.springframework.security.web.FilterChainProxy$VirtualFilterChain.doFilter(FilterChainProxy.java:346)
	at org.springframework.security.web.context.request.async.WebAsyncManagerIntegrationFilter.doFilterInternal(WebAsyncManagerIntegrationFilter.java:55)
	at org.springframework.web.filter.OncePerRequestFilter.doFilter(OncePerRequestFilter.java:117)
	at org.springframework.security.web.FilterChainProxy$VirtualFilterChain.doFilter(FilterChainProxy.java:346)
	at org.springframework.security.web.session.DisableEncodeUrlFilter.doFilterInternal(DisableEncodeUrlFilter.java:42)
	at org.springframework.web.filter.OncePerRequestFilter.doFilter(OncePerRequestFilter.java:117)
	at org.springframework.security.web.FilterChainProxy$VirtualFilterChain.doFilter(FilterChainProxy.java:346)
	at org.springframework.security.web.FilterChainProxy.doFilterInternal(FilterChainProxy.java:221)
	at org.springframework.security.web.FilterChainProxy.doFilter(FilterChainProxy.java:186)
	at org.springframework.web.filter.DelegatingFilterProxy.invokeDelegate(DelegatingFilterProxy.java:354)
	at org.springframework.web.filter.DelegatingFilterProxy.doFilter(DelegatingFilterProxy.java:267)
	at org.apache.catalina.core.ApplicationFilterChain.internalDoFilter(ApplicationFilterChain.java:189)
	at org.apache.catalina.core.ApplicationFilterChain.doFilter(ApplicationFilterChain.java:162)
	at org.springframework.boot.actuate.metrics.web.servlet.WebMvcMetricsFilter.doFilterInternal(WebMvcMetricsFilter.java:96)
	at org.springframework.web.filter.OncePerRequestFilter.doFilter(OncePerRequestFilter.java:117)
	at org.apache.catalina.core.ApplicationFilterChain.internalDoFilter(ApplicationFilterChain.java:189)
	at org.apache.catalina.core.ApplicationFilterChain.doFilter(ApplicationFilterChain.java:162)
	at org.springframework.web.filter.CharacterEncodingFilter.doFilterInternal(CharacterEncodingFilter.java:201)
	at org.springframework.web.filter.OncePerRequestFilter.doFilter(OncePerRequestFilter.java:117)
	at org.apache.catalina.core.ApplicationFilterChain.internalDoFilter(ApplicationFilterChain.java:189)
	at org.apache.catalina.core.ApplicationFilterChain.doFilter(ApplicationFilterChain.java:162)
	at org.apache.catalina.core.StandardWrapperValve.invoke(StandardWrapperValve.java:197)
	at org.apache.catalina.core.StandardContextValve.invoke(StandardContextValve.java:97)
	at org.apache.catalina.authenticator.AuthenticatorBase.invoke(AuthenticatorBase.java:541)
	at org.apache.catalina.core.StandardHostValve.invoke(StandardHostValve.java:135)
	at org.apache.catalina.valves.ErrorReportValve.invoke(ErrorReportValve.java:92)
	at org.apache.catalina.core.StandardEngineValve.invoke(StandardEngineValve.java:78)
	at org.apache.catalina.connector.CoyoteAdapter.service(CoyoteAdapter.java:360)
	at org.apache.coyote.http11.Http11Processor.service(Http11Processor.java:399)
	at org.apache.coyote.AbstractProcessorLight.process(AbstractProcessorLight.java:65)
	at org.apache.coyote.AbstractProtocol$ConnectionHandler.process(AbstractProtocol.java:890)
	at org.apache.tomcat.util.net.NioEndpoint$SocketProcessor.doRun(NioEndpoint.java:1789)
	at org.apache.tomcat.util.net.SocketProcessorBase.run(SocketProcessorBase.java:49)
	at org.apache.tomcat.util.threads.ThreadPoolExecutor.runWorker(ThreadPoolExecutor.java:1191)
	at org.apache.tomcat.util.threads.ThreadPoolExecutor$Worker.run(ThreadPoolExecutor.java:659)
	at org.apache.tomcat.util.threads.TaskThread$WrappingRunnable.run(TaskThread.java:61)
	at java.base/java.lang.Thread.run(Thread.java:833)
02:12:21.167 [main] INFO  hcmute.puzzle.PuzzleUteApplication - Starting PuzzleUteApplication using Java 18.0.2 on DESKTOP-9UEKMS4 with PID 13524 (E:\GitHub\puzzle-ute\target\classes started by caiho in E:\GitHub\puzzle-ute)
02:12:21.168 [main] INFO  hcmute.puzzle.PuzzleUteApplication - The following 1 profile is active: "local"
02:12:25.755 [main] ERROR h.p.i.m.a.HasScheduleJobProcessing - Class error: file:/E:/GitHub/puzzle-ute/target/classes/
02:12:25.776 [main] ERROR h.p.i.m.a.HasScheduleJobProcessing - HOHO
02:12:25.805 [main] ERROR h.p.i.m.a.HasScheduleJobProcessing - Class error: jar:file:/C:/Users/caiho/.m2/repository/io/github/classgraph/classgraph/4.8.83/classgraph-4.8.83.jar!/META-INF/versions/9/
02:12:25.805 [main] ERROR h.p.i.m.a.HasScheduleJobProcessing - Class error: 
02:12:25.805 [main] ERROR h.p.i.m.a.HasScheduleJobProcessing - URI is not hierarchical
02:12:30.082 [main] INFO  hcmute.puzzle.PuzzleUteApplication - Started PuzzleUteApplication in 9.284 seconds (JVM running for 9.913)
02:14:21.333 [http-nio-8080-exec-3] ERROR h.puzzle.controller.CommonController - null
java.lang.NullPointerException: null
	at java.base/java.util.Objects.requireNonNull(Objects.java:208)
	at java.base/java.util.Optional.of(Optional.java:113)
	at hcmute.puzzle.configuration.AuditorAwareImpl.getCurrentAuditor(AuditorAwareImpl.java:33)
	at java.base/jdk.internal.reflect.DirectMethodHandleAccessor.invoke(DirectMethodHandleAccessor.java:104)
	at java.base/java.lang.reflect.Method.invoke(Method.java:577)
	at org.springframework.aop.support.AopUtils.invokeJoinpointUsingReflection(AopUtils.java:344)
	at org.springframework.aop.framework.JdkDynamicAopProxy.invoke(JdkDynamicAopProxy.java:208)
	at jdk.proxy2/jdk.proxy2.$Proxy258.getCurrentAuditor(Unknown Source)
	at java.base/java.util.Optional.map(Optional.java:260)
	at org.springframework.data.auditing.AuditingHandler.getAuditor(AuditingHandler.java:109)
	at org.springframework.data.auditing.AuditingHandler.markCreated(AuditingHandler.java:92)
	at org.springframework.data.jpa.domain.support.AuditingEntityListener.touchForCreate(AuditingEntityListener.java:92)
	at java.base/jdk.internal.reflect.DirectMethodHandleAccessor.invoke(DirectMethodHandleAccessor.java:104)
	at java.base/java.lang.reflect.Method.invoke(Method.java:577)
	at org.hibernate.jpa.event.internal.ListenerCallback.performCallback(ListenerCallback.java:55)
	at org.hibernate.jpa.event.internal.CallbackRegistryImpl.callback(CallbackRegistryImpl.java:97)
	at org.hibernate.jpa.event.internal.CallbackRegistryImpl.preCreate(CallbackRegistryImpl.java:57)
	at org.hibernate.event.internal.AbstractSaveEventListener.saveWithGeneratedId(AbstractSaveEventListener.java:108)
	at org.hibernate.event.internal.DefaultPersistEventListener.entityIsTransient(DefaultPersistEventListener.java:185)
	at org.hibernate.event.internal.DefaultPersistEventListener.onPersist(DefaultPersistEventListener.java:128)
	at org.hibernate.event.internal.DefaultPersistEventListener.onPersist(DefaultPersistEventListener.java:55)
	at org.hibernate.event.service.internal.EventListenerGroupImpl.fireEventOnEachListener(EventListenerGroupImpl.java:107)
	at org.hibernate.internal.SessionImpl.firePersist(SessionImpl.java:756)
	at org.hibernate.internal.SessionImpl.persist(SessionImpl.java:742)
	at java.base/jdk.internal.reflect.DirectMethodHandleAccessor.invoke(DirectMethodHandleAccessor.java:104)
	at java.base/java.lang.reflect.Method.invoke(Method.java:577)
	at org.springframework.orm.jpa.ExtendedEntityManagerCreator$ExtendedEntityManagerInvocationHandler.invoke(ExtendedEntityManagerCreator.java:362)
	at jdk.proxy2/jdk.proxy2.$Proxy186.persist(Unknown Source)
	at java.base/jdk.internal.reflect.DirectMethodHandleAccessor.invoke(DirectMethodHandleAccessor.java:104)
	at java.base/java.lang.reflect.Method.invoke(Method.java:577)
	at org.springframework.orm.jpa.SharedEntityManagerCreator$SharedEntityManagerInvocationHandler.invoke(SharedEntityManagerCreator.java:311)
	at jdk.proxy2/jdk.proxy2.$Proxy186.persist(Unknown Source)
	at org.springframework.data.jpa.repository.support.SimpleJpaRepository.save(SimpleJpaRepository.java:666)
	at java.base/jdk.internal.reflect.DirectMethodHandleAccessor.invoke(DirectMethodHandleAccessor.java:104)
	at java.base/java.lang.reflect.Method.invoke(Method.java:577)
	at org.springframework.data.repository.core.support.RepositoryMethodInvoker$RepositoryFragmentMethodInvoker.lambda$new$0(RepositoryMethodInvoker.java:289)
	at org.springframework.data.repository.core.support.RepositoryMethodInvoker.doInvoke(RepositoryMethodInvoker.java:137)
	at org.springframework.data.repository.core.support.RepositoryMethodInvoker.invoke(RepositoryMethodInvoker.java:121)
	at org.springframework.data.repository.core.support.RepositoryComposition$RepositoryFragments.invoke(RepositoryComposition.java:530)
	at org.springframework.data.repository.core.support.RepositoryComposition.invoke(RepositoryComposition.java:286)
	at org.springframework.data.repository.core.support.RepositoryFactorySupport$ImplementationMethodExecutionInterceptor.invoke(RepositoryFactorySupport.java:640)
	at org.springframework.aop.framework.ReflectiveMethodInvocation.proceed(ReflectiveMethodInvocation.java:186)
	at org.springframework.data.repository.core.support.QueryExecutorMethodInterceptor.doInvoke(QueryExecutorMethodInterceptor.java:164)
	at org.springframework.data.repository.core.support.QueryExecutorMethodInterceptor.invoke(QueryExecutorMethodInterceptor.java:139)
	at org.springframework.aop.framework.ReflectiveMethodInvocation.proceed(ReflectiveMethodInvocation.java:186)
	at org.springframework.data.projection.DefaultMethodInvokingMethodInterceptor.invoke(DefaultMethodInvokingMethodInterceptor.java:81)
	at org.springframework.aop.framework.ReflectiveMethodInvocation.proceed(ReflectiveMethodInvocation.java:186)
	at org.springframework.transaction.interceptor.TransactionInterceptor$1.proceedWithInvocation(TransactionInterceptor.java:123)
	at org.springframework.transaction.interceptor.TransactionAspectSupport.invokeWithinTransaction(TransactionAspectSupport.java:388)
	at org.springframework.transaction.interceptor.TransactionInterceptor.invoke(TransactionInterceptor.java:119)
	at org.springframework.aop.framework.ReflectiveMethodInvocation.proceed(ReflectiveMethodInvocation.java:186)
	at org.springframework.dao.support.PersistenceExceptionTranslationInterceptor.invoke(PersistenceExceptionTranslationInterceptor.java:137)
	at org.springframework.aop.framework.ReflectiveMethodInvocation.proceed(ReflectiveMethodInvocation.java:186)
	at org.springframework.data.jpa.repository.support.CrudMethodMetadataPostProcessor$CrudMethodMetadataPopulatingMethodInterceptor.invoke(CrudMethodMetadataPostProcessor.java:174)
	at org.springframework.aop.framework.ReflectiveMethodInvocation.proceed(ReflectiveMethodInvocation.java:186)
	at org.springframework.aop.interceptor.ExposeInvocationInterceptor.invoke(ExposeInvocationInterceptor.java:97)
	at org.springframework.aop.framework.ReflectiveMethodInvocation.proceed(ReflectiveMethodInvocation.java:186)
	at org.springframework.aop.framework.JdkDynamicAopProxy.invoke(JdkDynamicAopProxy.java:215)
	at jdk.proxy2/jdk.proxy2.$Proxy191.save(Unknown Source)
	at hcmute.puzzle.services.impl.UserServiceImpl.registerUserForAdmin(UserServiceImpl.java:123)
	at hcmute.puzzle.services.impl.UserServiceImpl.registerUser(UserServiceImpl.java:71)
	at hcmute.puzzle.services.impl.UserServiceImpl$$FastClassBySpringCGLIB$$f7356fb6.invoke(<generated>)
	at org.springframework.cglib.proxy.MethodProxy.invoke(MethodProxy.java:218)
	at org.springframework.aop.framework.CglibAopProxy.invokeMethod(CglibAopProxy.java:386)
	at org.springframework.aop.framework.CglibAopProxy.access$000(CglibAopProxy.java:85)
	at org.springframework.aop.framework.CglibAopProxy$DynamicAdvisedInterceptor.intercept(CglibAopProxy.java:704)
	at hcmute.puzzle.services.impl.UserServiceImpl$$EnhancerBySpringCGLIB$$7b053436.registerUser(<generated>)
	at hcmute.puzzle.controller.CommonController.registerAccount(CommonController.java:435)
	at java.base/jdk.internal.reflect.DirectMethodHandleAccessor.invoke(DirectMethodHandleAccessor.java:104)
	at java.base/java.lang.reflect.Method.invoke(Method.java:577)
	at org.springframework.web.method.support.InvocableHandlerMethod.doInvoke(InvocableHandlerMethod.java:205)
	at org.springframework.web.method.support.InvocableHandlerMethod.invokeForRequest(InvocableHandlerMethod.java:150)
	at org.springframework.web.servlet.mvc.method.annotation.ServletInvocableHandlerMethod.invokeAndHandle(ServletInvocableHandlerMethod.java:117)
	at org.springframework.web.servlet.mvc.method.annotation.RequestMappingHandlerAdapter.invokeHandlerMethod(RequestMappingHandlerAdapter.java:895)
	at org.springframework.web.servlet.mvc.method.annotation.RequestMappingHandlerAdapter.handleInternal(RequestMappingHandlerAdapter.java:808)
	at org.springframework.web.servlet.mvc.method.AbstractHandlerMethodAdapter.handle(AbstractHandlerMethodAdapter.java:87)
	at org.springframework.web.servlet.DispatcherServlet.doDispatch(DispatcherServlet.java:1071)
	at org.springframework.web.servlet.DispatcherServlet.doService(DispatcherServlet.java:964)
	at org.springframework.web.servlet.FrameworkServlet.processRequest(FrameworkServlet.java:1006)
	at org.springframework.web.servlet.FrameworkServlet.doPost(FrameworkServlet.java:909)
	at javax.servlet.http.HttpServlet.service(HttpServlet.java:681)
	at org.springframework.web.servlet.FrameworkServlet.service(FrameworkServlet.java:883)
	at javax.servlet.http.HttpServlet.service(HttpServlet.java:764)
	at org.apache.catalina.core.ApplicationFilterChain.internalDoFilter(ApplicationFilterChain.java:227)
	at org.apache.catalina.core.ApplicationFilterChain.doFilter(ApplicationFilterChain.java:162)
	at org.apache.tomcat.websocket.server.WsFilter.doFilter(WsFilter.java:53)
	at org.apache.catalina.core.ApplicationFilterChain.internalDoFilter(ApplicationFilterChain.java:189)
	at org.apache.catalina.core.ApplicationFilterChain.doFilter(ApplicationFilterChain.java:162)
	at org.springframework.web.filter.OncePerRequestFilter.doFilter(OncePerRequestFilter.java:111)
	at org.apache.catalina.core.ApplicationFilterChain.internalDoFilter(ApplicationFilterChain.java:189)
	at org.apache.catalina.core.ApplicationFilterChain.doFilter(ApplicationFilterChain.java:162)
	at org.springframework.security.web.FilterChainProxy$VirtualFilterChain.doFilter(FilterChainProxy.java:337)
	at org.springframework.security.web.access.intercept.FilterSecurityInterceptor.invoke(FilterSecurityInterceptor.java:115)
	at org.springframework.security.web.access.intercept.FilterSecurityInterceptor.doFilter(FilterSecurityInterceptor.java:81)
	at org.springframework.security.web.FilterChainProxy$VirtualFilterChain.doFilter(FilterChainProxy.java:346)
	at org.springframework.security.web.access.ExceptionTranslationFilter.doFilter(ExceptionTranslationFilter.java:122)
	at org.springframework.security.web.access.ExceptionTranslationFilter.doFilter(ExceptionTranslationFilter.java:116)
	at org.springframework.security.web.FilterChainProxy$VirtualFilterChain.doFilter(FilterChainProxy.java:346)
	at org.springframework.security.web.session.SessionManagementFilter.doFilter(SessionManagementFilter.java:126)
	at org.springframework.security.web.session.SessionManagementFilter.doFilter(SessionManagementFilter.java:81)
	at org.springframework.security.web.FilterChainProxy$VirtualFilterChain.doFilter(FilterChainProxy.java:346)
	at org.springframework.security.web.authentication.AnonymousAuthenticationFilter.doFilter(AnonymousAuthenticationFilter.java:109)
	at org.springframework.security.web.FilterChainProxy$VirtualFilterChain.doFilter(FilterChainProxy.java:346)
	at org.springframework.security.web.authentication.rememberme.RememberMeAuthenticationFilter.doFilter(RememberMeAuthenticationFilter.java:141)
	at org.springframework.security.web.authentication.rememberme.RememberMeAuthenticationFilter.doFilter(RememberMeAuthenticationFilter.java:97)
	at org.springframework.security.web.FilterChainProxy$VirtualFilterChain.doFilter(FilterChainProxy.java:346)
	at org.springframework.security.web.servletapi.SecurityContextHolderAwareRequestFilter.doFilter(SecurityContextHolderAwareRequestFilter.java:149)
	at org.springframework.security.web.FilterChainProxy$VirtualFilterChain.doFilter(FilterChainProxy.java:346)
	at org.springframework.security.web.savedrequest.RequestCacheAwareFilter.doFilter(RequestCacheAwareFilter.java:63)
	at org.springframework.security.web.FilterChainProxy$VirtualFilterChain.doFilter(FilterChainProxy.java:346)
	at org.springframework.security.web.authentication.www.BasicAuthenticationFilter.doFilterInternal(BasicAuthenticationFilter.java:166)
	at org.springframework.web.filter.OncePerRequestFilter.doFilter(OncePerRequestFilter.java:117)
	at org.springframework.security.web.FilterChainProxy$VirtualFilterChain.doFilter(FilterChainProxy.java:346)
	at hcmute.puzzle.filter.JwtAuthenticationFilter.doFilterInternal(JwtAuthenticationFilter.java:98)
	at org.springframework.web.filter.OncePerRequestFilter.doFilter(OncePerRequestFilter.java:117)
	at org.springframework.security.web.FilterChainProxy$VirtualFilterChain.doFilter(FilterChainProxy.java:346)
	at org.springframework.security.web.authentication.logout.LogoutFilter.doFilter(LogoutFilter.java:103)
	at org.springframework.security.web.authentication.logout.LogoutFilter.doFilter(LogoutFilter.java:89)
	at org.springframework.security.web.FilterChainProxy$VirtualFilterChain.doFilter(FilterChainProxy.java:346)
	at org.springframework.security.web.header.HeaderWriterFilter.doHeadersAfter(HeaderWriterFilter.java:90)
	at org.springframework.security.web.header.HeaderWriterFilter.doFilterInternal(HeaderWriterFilter.java:75)
	at org.springframework.web.filter.OncePerRequestFilter.doFilter(OncePerRequestFilter.java:117)
	at org.springframework.security.web.FilterChainProxy$VirtualFilterChain.doFilter(FilterChainProxy.java:346)
	at org.springframework.security.web.context.SecurityContextPersistenceFilter.doFilter(SecurityContextPersistenceFilter.java:112)
	at org.springframework.security.web.context.SecurityContextPersistenceFilter.doFilter(SecurityContextPersistenceFilter.java:82)
	at org.springframework.security.web.FilterChainProxy$VirtualFilterChain.doFilter(FilterChainProxy.java:346)
	at org.springframework.security.web.context.request.async.WebAsyncManagerIntegrationFilter.doFilterInternal(WebAsyncManagerIntegrationFilter.java:55)
	at org.springframework.web.filter.OncePerRequestFilter.doFilter(OncePerRequestFilter.java:117)
	at org.springframework.security.web.FilterChainProxy$VirtualFilterChain.doFilter(FilterChainProxy.java:346)
	at org.springframework.security.web.session.DisableEncodeUrlFilter.doFilterInternal(DisableEncodeUrlFilter.java:42)
	at org.springframework.web.filter.OncePerRequestFilter.doFilter(OncePerRequestFilter.java:117)
	at org.springframework.security.web.FilterChainProxy$VirtualFilterChain.doFilter(FilterChainProxy.java:346)
	at org.springframework.security.web.FilterChainProxy.doFilterInternal(FilterChainProxy.java:221)
	at org.springframework.security.web.FilterChainProxy.doFilter(FilterChainProxy.java:186)
	at org.springframework.web.filter.DelegatingFilterProxy.invokeDelegate(DelegatingFilterProxy.java:354)
	at org.springframework.web.filter.DelegatingFilterProxy.doFilter(DelegatingFilterProxy.java:267)
	at org.apache.catalina.core.ApplicationFilterChain.internalDoFilter(ApplicationFilterChain.java:189)
	at org.apache.catalina.core.ApplicationFilterChain.doFilter(ApplicationFilterChain.java:162)
	at org.springframework.boot.actuate.metrics.web.servlet.WebMvcMetricsFilter.doFilterInternal(WebMvcMetricsFilter.java:96)
	at org.springframework.web.filter.OncePerRequestFilter.doFilter(OncePerRequestFilter.java:117)
	at org.apache.catalina.core.ApplicationFilterChain.internalDoFilter(ApplicationFilterChain.java:189)
	at org.apache.catalina.core.ApplicationFilterChain.doFilter(ApplicationFilterChain.java:162)
	at org.springframework.web.filter.CharacterEncodingFilter.doFilterInternal(CharacterEncodingFilter.java:201)
	at org.springframework.web.filter.OncePerRequestFilter.doFilter(OncePerRequestFilter.java:117)
	at org.apache.catalina.core.ApplicationFilterChain.internalDoFilter(ApplicationFilterChain.java:189)
	at org.apache.catalina.core.ApplicationFilterChain.doFilter(ApplicationFilterChain.java:162)
	at org.apache.catalina.core.StandardWrapperValve.invoke(StandardWrapperValve.java:197)
	at org.apache.catalina.core.StandardContextValve.invoke(StandardContextValve.java:97)
	at org.apache.catalina.authenticator.AuthenticatorBase.invoke(AuthenticatorBase.java:541)
	at org.apache.catalina.core.StandardHostValve.invoke(StandardHostValve.java:135)
	at org.apache.catalina.valves.ErrorReportValve.invoke(ErrorReportValve.java:92)
	at org.apache.catalina.core.StandardEngineValve.invoke(StandardEngineValve.java:78)
	at org.apache.catalina.connector.CoyoteAdapter.service(CoyoteAdapter.java:360)
	at org.apache.coyote.http11.Http11Processor.service(Http11Processor.java:399)
	at org.apache.coyote.AbstractProcessorLight.process(AbstractProcessorLight.java:65)
	at org.apache.coyote.AbstractProtocol$ConnectionHandler.process(AbstractProtocol.java:890)
	at org.apache.tomcat.util.net.NioEndpoint$SocketProcessor.doRun(NioEndpoint.java:1789)
	at org.apache.tomcat.util.net.SocketProcessorBase.run(SocketProcessorBase.java:49)
	at org.apache.tomcat.util.threads.ThreadPoolExecutor.runWorker(ThreadPoolExecutor.java:1191)
	at org.apache.tomcat.util.threads.ThreadPoolExecutor$Worker.run(ThreadPoolExecutor.java:659)
	at org.apache.tomcat.util.threads.TaskThread$WrappingRunnable.run(TaskThread.java:61)
	at java.base/java.lang.Thread.run(Thread.java:833)
02:14:25.922 [main] INFO  hcmute.puzzle.PuzzleUteApplication - Starting PuzzleUteApplication using Java 18.0.2 on DESKTOP-9UEKMS4 with PID 1780 (E:\GitHub\puzzle-ute\target\classes started by caiho in E:\GitHub\puzzle-ute)
02:14:25.924 [main] INFO  hcmute.puzzle.PuzzleUteApplication - The following 1 profile is active: "local"
02:14:30.522 [main] ERROR h.p.i.m.a.HasScheduleJobProcessing - Class error: file:/E:/GitHub/puzzle-ute/target/classes/
02:14:30.542 [main] ERROR h.p.i.m.a.HasScheduleJobProcessing - HOHO
02:14:30.569 [main] ERROR h.p.i.m.a.HasScheduleJobProcessing - Class error: jar:file:/C:/Users/caiho/.m2/repository/io/github/classgraph/classgraph/4.8.83/classgraph-4.8.83.jar!/META-INF/versions/9/
02:14:30.569 [main] ERROR h.p.i.m.a.HasScheduleJobProcessing - Class error: 
02:14:30.569 [main] ERROR h.p.i.m.a.HasScheduleJobProcessing - URI is not hierarchical
02:14:34.417 [main] INFO  hcmute.puzzle.PuzzleUteApplication - Started PuzzleUteApplication in 8.852 seconds (JVM running for 9.603)
02:16:51.135 [http-nio-8080-exec-6] ERROR h.p.exception.MyExceptionHandler - Username already exists
02:20:32.872 [http-nio-8080-exec-9] INFO  h.p.filter.JwtAuthenticationFilter - UserDetail is none!
02:20:36.051 [http-nio-8080-exec-10] INFO  h.p.filter.JwtAuthenticationFilter - UserDetail is none!
02:26:38.046 [main] INFO  hcmute.puzzle.PuzzleUteApplication - Starting PuzzleUteApplication using Java 18.0.2 on DESKTOP-9UEKMS4 with PID 14376 (E:\GitHub\puzzle-ute\target\classes started by caiho in E:\GitHub\puzzle-ute)
02:26:38.047 [main] INFO  hcmute.puzzle.PuzzleUteApplication - The following 1 profile is active: "local"
02:26:42.501 [main] ERROR h.p.i.m.a.HasScheduleJobProcessing - Class error: file:/E:/GitHub/puzzle-ute/target/classes/
02:26:42.521 [main] ERROR h.p.i.m.a.HasScheduleJobProcessing - HOHO
02:26:42.546 [main] ERROR h.p.i.m.a.HasScheduleJobProcessing - Class error: jar:file:/C:/Users/caiho/.m2/repository/io/github/classgraph/classgraph/4.8.83/classgraph-4.8.83.jar!/META-INF/versions/9/
02:26:42.546 [main] ERROR h.p.i.m.a.HasScheduleJobProcessing - Class error: 
02:26:42.546 [main] ERROR h.p.i.m.a.HasScheduleJobProcessing - URI is not hierarchical
02:26:46.022 [main] INFO  hcmute.puzzle.PuzzleUteApplication - Started PuzzleUteApplication in 8.33 seconds (JVM running for 8.933)
02:39:29.067 [main] INFO  hcmute.puzzle.PuzzleUteApplication - Starting PuzzleUteApplication using Java 18.0.2 on DESKTOP-9UEKMS4 with PID 11756 (E:\GitHub\puzzle-ute\target\classes started by caiho in E:\GitHub\puzzle-ute)
02:39:29.069 [main] INFO  hcmute.puzzle.PuzzleUteApplication - The following 1 profile is active: "local"
02:39:33.688 [main] ERROR h.p.i.m.a.HasScheduleJobProcessing - Class error: file:/E:/GitHub/puzzle-ute/target/classes/
02:39:33.707 [main] ERROR h.p.i.m.a.HasScheduleJobProcessing - HOHO
02:39:33.734 [main] ERROR h.p.i.m.a.HasScheduleJobProcessing - Class error: jar:file:/C:/Users/caiho/.m2/repository/io/github/classgraph/classgraph/4.8.83/classgraph-4.8.83.jar!/META-INF/versions/9/
02:39:33.734 [main] ERROR h.p.i.m.a.HasScheduleJobProcessing - Class error: 
02:39:33.734 [main] ERROR h.p.i.m.a.HasScheduleJobProcessing - URI is not hierarchical
02:39:37.453 [main] INFO  hcmute.puzzle.PuzzleUteApplication - Started PuzzleUteApplication in 8.747 seconds (JVM running for 9.39)
02:56:32.420 [main] INFO  hcmute.puzzle.PuzzleUteApplication - Starting PuzzleUteApplication using Java 18.0.2 on DESKTOP-9UEKMS4 with PID 13880 (E:\GitHub\puzzle-ute\target\classes started by caiho in E:\GitHub\puzzle-ute)
02:56:32.422 [main] INFO  hcmute.puzzle.PuzzleUteApplication - The following 1 profile is active: "local"
02:56:37.187 [main] ERROR h.p.i.m.a.HasScheduleJobProcessing - Class error: file:/E:/GitHub/puzzle-ute/target/classes/
02:56:37.208 [main] ERROR h.p.i.m.a.HasScheduleJobProcessing - HOHO
02:56:37.234 [main] ERROR h.p.i.m.a.HasScheduleJobProcessing - Class error: jar:file:/C:/Users/caiho/.m2/repository/io/github/classgraph/classgraph/4.8.83/classgraph-4.8.83.jar!/META-INF/versions/9/
02:56:37.235 [main] ERROR h.p.i.m.a.HasScheduleJobProcessing - Class error: 
02:56:37.235 [main] ERROR h.p.i.m.a.HasScheduleJobProcessing - URI is not hierarchical
02:58:13.428 [main] INFO  hcmute.puzzle.PuzzleUteApplication - Starting PuzzleUteApplication using Java 18.0.2 on DESKTOP-9UEKMS4 with PID 20404 (E:\GitHub\puzzle-ute\target\classes started by caiho in E:\GitHub\puzzle-ute)
02:58:13.429 [main] INFO  hcmute.puzzle.PuzzleUteApplication - The following 1 profile is active: "local"
02:58:18.553 [main] ERROR h.p.i.m.a.HasScheduleJobProcessing - Class error: file:/E:/GitHub/puzzle-ute/target/classes/
02:58:18.575 [main] ERROR h.p.i.m.a.HasScheduleJobProcessing - HOHO
02:58:18.605 [main] ERROR h.p.i.m.a.HasScheduleJobProcessing - Class error: jar:file:/C:/Users/caiho/.m2/repository/io/github/classgraph/classgraph/4.8.83/classgraph-4.8.83.jar!/META-INF/versions/9/
02:58:18.605 [main] ERROR h.p.i.m.a.HasScheduleJobProcessing - Class error: 
02:58:18.605 [main] ERROR h.p.i.m.a.HasScheduleJobProcessing - URI is not hierarchical
02:58:52.698 [main] INFO  hcmute.puzzle.PuzzleUteApplication - Starting PuzzleUteApplication using Java 18.0.2 on DESKTOP-9UEKMS4 with PID 18532 (E:\GitHub\puzzle-ute\target\classes started by caiho in E:\GitHub\puzzle-ute)
02:58:52.699 [main] INFO  hcmute.puzzle.PuzzleUteApplication - The following 1 profile is active: "local"
02:58:57.173 [main] ERROR h.p.i.m.a.HasScheduleJobProcessing - Class error: file:/E:/GitHub/puzzle-ute/target/classes/
02:58:57.193 [main] ERROR h.p.i.m.a.HasScheduleJobProcessing - HOHO
02:58:57.219 [main] ERROR h.p.i.m.a.HasScheduleJobProcessing - Class error: jar:file:/C:/Users/caiho/.m2/repository/io/github/classgraph/classgraph/4.8.83/classgraph-4.8.83.jar!/META-INF/versions/9/
02:58:57.220 [main] ERROR h.p.i.m.a.HasScheduleJobProcessing - Class error: 
02:58:57.220 [main] ERROR h.p.i.m.a.HasScheduleJobProcessing - URI is not hierarchical
02:59:48.671 [main] INFO  hcmute.puzzle.PuzzleUteApplication - Starting PuzzleUteApplication using Java 18.0.2 on DESKTOP-9UEKMS4 with PID 9552 (E:\GitHub\puzzle-ute\target\classes started by caiho in E:\GitHub\puzzle-ute)
02:59:48.673 [main] INFO  hcmute.puzzle.PuzzleUteApplication - The following 1 profile is active: "local"
03:00:12.510 [main] INFO  hcmute.puzzle.PuzzleUteApplication - Starting PuzzleUteApplication using Java 18.0.2 on DESKTOP-9UEKMS4 with PID 19448 (E:\GitHub\puzzle-ute\target\classes started by caiho in E:\GitHub\puzzle-ute)
03:00:12.511 [main] INFO  hcmute.puzzle.PuzzleUteApplication - The following 1 profile is active: "local"
03:01:11.957 [main] INFO  hcmute.puzzle.PuzzleUteApplication - Starting PuzzleUteApplication using Java 18.0.2 on DESKTOP-9UEKMS4 with PID 15376 (E:\GitHub\puzzle-ute\target\classes started by caiho in E:\GitHub\puzzle-ute)
03:01:11.959 [main] INFO  hcmute.puzzle.PuzzleUteApplication - The following 1 profile is active: "local"
03:01:16.517 [main] ERROR h.p.i.m.a.HasScheduleJobProcessing - Class error: file:/E:/GitHub/puzzle-ute/target/classes/
03:01:16.538 [main] ERROR h.p.i.m.a.HasScheduleJobProcessing - HOHO
03:01:16.565 [main] ERROR h.p.i.m.a.HasScheduleJobProcessing - Class error: jar:file:/C:/Users/caiho/.m2/repository/io/github/classgraph/classgraph/4.8.83/classgraph-4.8.83.jar!/META-INF/versions/9/
03:01:16.565 [main] ERROR h.p.i.m.a.HasScheduleJobProcessing - Class error: 
03:01:16.565 [main] ERROR h.p.i.m.a.HasScheduleJobProcessing - URI is not hierarchical
03:01:20.434 [main] INFO  hcmute.puzzle.PuzzleUteApplication - Started PuzzleUteApplication in 8.831 seconds (JVM running for 9.454)
03:03:31.276 [main] INFO  hcmute.puzzle.PuzzleUteApplication - Starting PuzzleUteApplication using Java 18.0.2 on DESKTOP-9UEKMS4 with PID 20156 (E:\GitHub\puzzle-ute\target\classes started by caiho in E:\GitHub\puzzle-ute)
03:03:31.278 [main] INFO  hcmute.puzzle.PuzzleUteApplication - The following 1 profile is active: "local"
03:03:35.730 [main] ERROR h.p.i.m.a.HasScheduleJobProcessing - Class error: file:/E:/GitHub/puzzle-ute/target/classes/
03:03:35.751 [main] ERROR h.p.i.m.a.HasScheduleJobProcessing - HOHO
03:03:35.780 [main] ERROR h.p.i.m.a.HasScheduleJobProcessing - Class error: jar:file:/C:/Users/caiho/.m2/repository/io/github/classgraph/classgraph/4.8.83/classgraph-4.8.83.jar!/META-INF/versions/9/
03:03:35.780 [main] ERROR h.p.i.m.a.HasScheduleJobProcessing - Class error: 
03:03:35.780 [main] ERROR h.p.i.m.a.HasScheduleJobProcessing - URI is not hierarchical
03:03:39.444 [main] INFO  hcmute.puzzle.PuzzleUteApplication - Started PuzzleUteApplication in 8.505 seconds (JVM running for 9.118)
03:11:43.036 [main] INFO  hcmute.puzzle.PuzzleUteApplication - Starting PuzzleUteApplication using Java 18.0.2 on DESKTOP-9UEKMS4 with PID 18148 (E:\GitHub\puzzle-ute\target\classes started by caiho in E:\GitHub\puzzle-ute)
03:11:43.038 [main] INFO  hcmute.puzzle.PuzzleUteApplication - The following 1 profile is active: "local"
03:11:47.585 [main] ERROR h.p.i.m.a.HasScheduleJobProcessing - Class error: file:/E:/GitHub/puzzle-ute/target/classes/
03:11:47.605 [main] ERROR h.p.i.m.a.HasScheduleJobProcessing - HOHO
03:11:47.634 [main] ERROR h.p.i.m.a.HasScheduleJobProcessing - Class error: jar:file:/C:/Users/caiho/.m2/repository/io/github/classgraph/classgraph/4.8.83/classgraph-4.8.83.jar!/META-INF/versions/9/
03:11:47.634 [main] ERROR h.p.i.m.a.HasScheduleJobProcessing - Class error: 
03:11:47.634 [main] ERROR h.p.i.m.a.HasScheduleJobProcessing - URI is not hierarchical
03:11:51.045 [main] INFO  hcmute.puzzle.PuzzleUteApplication - Started PuzzleUteApplication in 8.372 seconds (JVM running for 8.998)
03:15:10.948 [main] INFO  hcmute.puzzle.PuzzleUteApplication - Starting PuzzleUteApplication using Java 18.0.2 on DESKTOP-9UEKMS4 with PID 20652 (E:\GitHub\puzzle-ute\target\classes started by caiho in E:\GitHub\puzzle-ute)
03:15:10.950 [main] INFO  hcmute.puzzle.PuzzleUteApplication - The following 1 profile is active: "local"
03:15:15.857 [main] ERROR h.p.i.m.a.HasScheduleJobProcessing - Class error: file:/E:/GitHub/puzzle-ute/target/classes/
03:15:15.879 [main] ERROR h.p.i.m.a.HasScheduleJobProcessing - HOHO
03:15:15.908 [main] ERROR h.p.i.m.a.HasScheduleJobProcessing - Class error: jar:file:/C:/Users/caiho/.m2/repository/io/github/classgraph/classgraph/4.8.83/classgraph-4.8.83.jar!/META-INF/versions/9/
03:15:15.908 [main] ERROR h.p.i.m.a.HasScheduleJobProcessing - Class error: 
03:15:15.908 [main] ERROR h.p.i.m.a.HasScheduleJobProcessing - URI is not hierarchical
03:15:20.634 [main] INFO  hcmute.puzzle.PuzzleUteApplication - Started PuzzleUteApplication in 10.116 seconds (JVM running for 10.839)
03:29:13.117 [main] INFO  hcmute.puzzle.PuzzleUteApplication - Starting PuzzleUteApplication using Java 18.0.2 on DESKTOP-9UEKMS4 with PID 12944 (E:\GitHub\puzzle-ute\target\classes started by caiho in E:\GitHub\puzzle-ute)
03:29:13.118 [main] INFO  hcmute.puzzle.PuzzleUteApplication - The following 1 profile is active: "local"
03:29:17.931 [main] ERROR h.p.i.m.a.HasScheduleJobProcessing - Class error: file:/E:/GitHub/puzzle-ute/target/classes/
03:29:17.952 [main] ERROR h.p.i.m.a.HasScheduleJobProcessing - HOHO
03:29:17.980 [main] ERROR h.p.i.m.a.HasScheduleJobProcessing - Class error: jar:file:/C:/Users/caiho/.m2/repository/io/github/classgraph/classgraph/4.8.83/classgraph-4.8.83.jar!/META-INF/versions/9/
03:29:17.980 [main] ERROR h.p.i.m.a.HasScheduleJobProcessing - Class error: 
03:29:17.980 [main] ERROR h.p.i.m.a.HasScheduleJobProcessing - URI is not hierarchical
03:29:21.847 [main] INFO  hcmute.puzzle.PuzzleUteApplication - Started PuzzleUteApplication in 9.099 seconds (JVM running for 9.726)
03:48:35.983 [main] INFO  hcmute.puzzle.PuzzleUteApplication - Starting PuzzleUteApplication using Java 18.0.2 on DESKTOP-9UEKMS4 with PID 8524 (E:\GitHub\puzzle-ute\target\classes started by caiho in E:\GitHub\puzzle-ute)
03:48:35.985 [main] INFO  hcmute.puzzle.PuzzleUteApplication - The following 1 profile is active: "local"
03:48:40.772 [main] ERROR h.p.i.m.a.HasScheduleJobProcessing - Class error: file:/E:/GitHub/puzzle-ute/target/classes/
03:48:40.801 [main] ERROR h.p.i.m.a.HasScheduleJobProcessing - HOHO
03:48:40.836 [main] ERROR h.p.i.m.a.HasScheduleJobProcessing - Class error: jar:file:/C:/Users/caiho/.m2/repository/io/github/classgraph/classgraph/4.8.83/classgraph-4.8.83.jar!/META-INF/versions/9/
03:48:40.836 [main] ERROR h.p.i.m.a.HasScheduleJobProcessing - Class error: 
03:48:40.836 [main] ERROR h.p.i.m.a.HasScheduleJobProcessing - URI is not hierarchical
03:48:46.421 [main] INFO  hcmute.puzzle.PuzzleUteApplication - Started PuzzleUteApplication in 10.791 seconds (JVM running for 11.524)
03:56:01.110 [main] INFO  hcmute.puzzle.PuzzleUteApplication - Starting PuzzleUteApplication using Java 18.0.2 on DESKTOP-9UEKMS4 with PID 15716 (E:\GitHub\puzzle-ute\target\classes started by caiho in E:\GitHub\puzzle-ute)
03:56:01.112 [main] INFO  hcmute.puzzle.PuzzleUteApplication - The following 1 profile is active: "local"
03:56:10.674 [main] ERROR h.p.i.m.a.HasScheduleJobProcessing - Class error: file:/E:/GitHub/puzzle-ute/target/classes/
03:56:10.722 [main] ERROR h.p.i.m.a.HasScheduleJobProcessing - HOHO
03:56:10.795 [main] ERROR h.p.i.m.a.HasScheduleJobProcessing - Class error: jar:file:/C:/Users/caiho/.m2/repository/io/github/classgraph/classgraph/4.8.83/classgraph-4.8.83.jar!/META-INF/versions/9/
03:56:10.795 [main] ERROR h.p.i.m.a.HasScheduleJobProcessing - Class error: 
03:56:10.795 [main] ERROR h.p.i.m.a.HasScheduleJobProcessing - URI is not hierarchical
03:56:14.928 [main] INFO  hcmute.puzzle.PuzzleUteApplication - Started PuzzleUteApplication in 14.188 seconds (JVM running for 14.834)
03:57:30.893 [main] INFO  hcmute.puzzle.PuzzleUteApplication - Starting PuzzleUteApplication using Java 18.0.2 on DESKTOP-9UEKMS4 with PID 3908 (E:\GitHub\puzzle-ute\target\classes started by caiho in E:\GitHub\puzzle-ute)
03:57:30.896 [main] INFO  hcmute.puzzle.PuzzleUteApplication - The following 1 profile is active: "local"
03:57:35.870 [main] ERROR h.p.i.m.a.HasScheduleJobProcessing - Class error: file:/E:/GitHub/puzzle-ute/target/classes/
03:57:35.892 [main] ERROR h.p.i.m.a.HasScheduleJobProcessing - HOHO
03:57:35.925 [main] ERROR h.p.i.m.a.HasScheduleJobProcessing - Class error: jar:file:/C:/Users/caiho/.m2/repository/com/fasterxml/jackson/dataformat/jackson-dataformat-yaml/2.13.4/jackson-dataformat-yaml-2.13.4.jar!/META-INF/versions/9/
03:57:35.925 [main] ERROR h.p.i.m.a.HasScheduleJobProcessing - Class error: 
03:57:35.925 [main] ERROR h.p.i.m.a.HasScheduleJobProcessing - URI is not hierarchical
03:57:38.989 [main] INFO  hcmute.puzzle.PuzzleUteApplication - Started PuzzleUteApplication in 8.53 seconds (JVM running for 9.633)
04:04:51.988 [main] INFO  hcmute.puzzle.PuzzleUteApplication - Starting PuzzleUteApplication using Java 18.0.2 on DESKTOP-9UEKMS4 with PID 19068 (E:\GitHub\puzzle-ute\target\classes started by caiho in E:\GitHub\puzzle-ute)
04:04:51.990 [main] INFO  hcmute.puzzle.PuzzleUteApplication - The following 1 profile is active: "local"
04:04:56.284 [main] ERROR h.p.i.m.a.HasScheduleJobProcessing - Class error: file:/E:/GitHub/puzzle-ute/target/classes/
04:04:56.304 [main] ERROR h.p.i.m.a.HasScheduleJobProcessing - HOHO
04:04:56.331 [main] ERROR h.p.i.m.a.HasScheduleJobProcessing - Class error: jar:file:/C:/Users/caiho/.m2/repository/com/fasterxml/jackson/dataformat/jackson-dataformat-yaml/2.13.4/jackson-dataformat-yaml-2.13.4.jar!/META-INF/versions/9/
04:04:56.332 [main] ERROR h.p.i.m.a.HasScheduleJobProcessing - Class error: 
04:04:56.332 [main] ERROR h.p.i.m.a.HasScheduleJobProcessing - URI is not hierarchical
04:04:59.566 [main] INFO  hcmute.puzzle.PuzzleUteApplication - Started PuzzleUteApplication in 7.927 seconds (JVM running for 8.522)
04:30:43.678 [main] INFO  hcmute.puzzle.PuzzleUteApplication - Starting PuzzleUteApplication using Java 18.0.2 on DESKTOP-9UEKMS4 with PID 12576 (E:\GitHub\puzzle-ute\target\classes started by caiho in E:\GitHub\puzzle-ute)
04:30:43.680 [main] INFO  hcmute.puzzle.PuzzleUteApplication - The following 1 profile is active: "local"
04:30:48.244 [main] ERROR h.p.i.m.a.HasScheduleJobProcessing - Class error: file:/E:/GitHub/puzzle-ute/target/classes/
04:30:48.264 [main] ERROR h.p.i.m.a.HasScheduleJobProcessing - HOHO
04:30:48.291 [main] ERROR h.p.i.m.a.HasScheduleJobProcessing - Class error: jar:file:/C:/Users/caiho/.m2/repository/com/fasterxml/jackson/dataformat/jackson-dataformat-yaml/2.13.4/jackson-dataformat-yaml-2.13.4.jar!/META-INF/versions/9/
04:30:48.291 [main] ERROR h.p.i.m.a.HasScheduleJobProcessing - Class error: 
04:30:48.291 [main] ERROR h.p.i.m.a.HasScheduleJobProcessing - URI is not hierarchical
04:30:51.432 [main] INFO  hcmute.puzzle.PuzzleUteApplication - Started PuzzleUteApplication in 8.147 seconds (JVM running for 8.807)
04:33:12.377 [main] INFO  hcmute.puzzle.PuzzleUteApplication - Starting PuzzleUteApplication using Java 18.0.2 on DESKTOP-9UEKMS4 with PID 14176 (E:\GitHub\puzzle-ute\target\classes started by caiho in E:\GitHub\puzzle-ute)
04:33:12.379 [main] INFO  hcmute.puzzle.PuzzleUteApplication - The following 1 profile is active: "local"
04:33:16.807 [main] ERROR h.p.i.m.a.HasScheduleJobProcessing - Class error: file:/E:/GitHub/puzzle-ute/target/classes/
04:33:16.826 [main] ERROR h.p.i.m.a.HasScheduleJobProcessing - HOHO
04:33:16.854 [main] ERROR h.p.i.m.a.HasScheduleJobProcessing - Class error: jar:file:/C:/Users/caiho/.m2/repository/com/fasterxml/jackson/dataformat/jackson-dataformat-yaml/2.13.4/jackson-dataformat-yaml-2.13.4.jar!/META-INF/versions/9/
04:33:16.854 [main] ERROR h.p.i.m.a.HasScheduleJobProcessing - Class error: 
04:33:16.854 [main] ERROR h.p.i.m.a.HasScheduleJobProcessing - URI is not hierarchical
04:33:20.053 [main] INFO  hcmute.puzzle.PuzzleUteApplication - Started PuzzleUteApplication in 8.042 seconds (JVM running for 8.677)
04:36:29.773 [main] INFO  hcmute.puzzle.PuzzleUteApplication - Starting PuzzleUteApplication using Java 18.0.2 on DESKTOP-9UEKMS4 with PID 12412 (E:\GitHub\puzzle-ute\target\classes started by caiho in E:\GitHub\puzzle-ute)
04:36:29.774 [main] INFO  hcmute.puzzle.PuzzleUteApplication - The following 1 profile is active: "local"
04:36:34.083 [main] ERROR h.p.i.m.a.HasScheduleJobProcessing - Class error: file:/E:/GitHub/puzzle-ute/target/classes/
04:36:34.104 [main] ERROR h.p.i.m.a.HasScheduleJobProcessing - HOHO
04:36:34.131 [main] ERROR h.p.i.m.a.HasScheduleJobProcessing - Class error: jar:file:/C:/Users/caiho/.m2/repository/com/fasterxml/jackson/dataformat/jackson-dataformat-yaml/2.13.4/jackson-dataformat-yaml-2.13.4.jar!/META-INF/versions/9/
04:36:34.131 [main] ERROR h.p.i.m.a.HasScheduleJobProcessing - Class error: 
04:36:34.131 [main] ERROR h.p.i.m.a.HasScheduleJobProcessing - URI is not hierarchical
04:36:36.891 [main] INFO  hcmute.puzzle.PuzzleUteApplication - Started PuzzleUteApplication in 7.457 seconds (JVM running for 8.112)
