07:03:01.497 [main] INFO  hcmute.puzzle.PuzzleUteApplication - Starting PuzzleUteApplication using Java 18.0.2 on DESKTOP-9UEKMS4 with PID 18656 (E:\GitHub\puzzle-ute\target\classes started by caiho in E:\GitHub\puzzle-ute)
07:03:01.498 [main] INFO  hcmute.puzzle.PuzzleUteApplication - The following 1 profile is active: "local"
07:03:06.527 [main] ERROR h.p.i.m.a.HasScheduleJobProcessing - Class error: file:/E:/GitHub/puzzle-ute/target/classes/
07:03:06.552 [main] ERROR h.p.i.m.a.HasScheduleJobProcessing - HOHO
07:03:06.588 [main] ERROR h.p.i.m.a.HasScheduleJobProcessing - Class error: jar:file:/C:/Users/caiho/.m2/repository/com/fasterxml/jackson/dataformat/jackson-dataformat-yaml/2.13.4/jackson-dataformat-yaml-2.13.4.jar!/META-INF/versions/9/
07:03:06.590 [main] ERROR h.p.i.m.a.HasScheduleJobProcessing - Class error: 
07:03:06.590 [main] ERROR h.p.i.m.a.HasScheduleJobProcessing - URI is not hierarchical
07:03:06.591 [main] INFO  h.p.c.s.ScheduleManager - Job schedule: runScheduledJobOther
07:03:06.591 [main] INFO  h.p.c.s.ScheduleManager - Job schedule: runScheduledJob
07:03:09.029 [main] INFO  h.p.c.s.ScheduleManager - current cron: 0 0/30 * * * ?
07:03:09.034 [main] INFO  h.p.c.s.ScheduleManager - start cron: 
07:03:09.038 [main] INFO  h.p.c.s.ScheduleManager - current cron: 0 0/20 * * * ?
07:03:09.038 [main] INFO  h.p.c.s.ScheduleManager - start cron: 
07:03:10.856 [main] INFO  hcmute.puzzle.PuzzleUteApplication - Started PuzzleUteApplication in 9.716 seconds (JVM running for 10.344)
07:03:45.568 [http-nio-8080-exec-6] ERROR h.p.configuration.AuditorAwareImpl - class java.lang.String cannot be cast to class hcmute.puzzle.configuration.security.CustomUserDetails (java.lang.String is in module java.base of loader 'bootstrap'; hcmute.puzzle.configuration.security.CustomUserDetails is in unnamed module of loader 'app')
07:03:47.475 [http-nio-8080-exec-7] ERROR h.p.exception.MyExceptionHandler - Username already exists
07:06:34.006 [main] INFO  hcmute.puzzle.PuzzleUteApplication - Starting PuzzleUteApplication using Java 18.0.2 on DESKTOP-9UEKMS4 with PID 7104 (E:\GitHub\puzzle-ute\target\classes started by caiho in E:\GitHub\puzzle-ute)
07:06:34.008 [main] INFO  hcmute.puzzle.PuzzleUteApplication - The following 1 profile is active: "local"
07:06:38.268 [main] ERROR h.p.i.m.a.HasScheduleJobProcessing - Class error: file:/E:/GitHub/puzzle-ute/target/classes/
07:06:38.286 [main] ERROR h.p.i.m.a.HasScheduleJobProcessing - HOHO
07:06:38.313 [main] ERROR h.p.i.m.a.HasScheduleJobProcessing - Class error: jar:file:/C:/Users/caiho/.m2/repository/com/fasterxml/jackson/dataformat/jackson-dataformat-yaml/2.13.4/jackson-dataformat-yaml-2.13.4.jar!/META-INF/versions/9/
07:06:38.313 [main] ERROR h.p.i.m.a.HasScheduleJobProcessing - Class error: 
07:06:38.313 [main] ERROR h.p.i.m.a.HasScheduleJobProcessing - URI is not hierarchical
07:06:38.314 [main] INFO  h.p.c.s.ScheduleManager - Job schedule: runScheduledJobOther
07:06:38.314 [main] INFO  h.p.c.s.ScheduleManager - Job schedule: runScheduledJob
07:06:39.962 [main] INFO  h.p.c.s.ScheduleManager - current cron: 0 0/30 * * * ?
07:06:39.966 [main] INFO  h.p.c.s.ScheduleManager - start cron: 
07:06:39.969 [main] INFO  h.p.c.s.ScheduleManager - current cron: 0 0/20 * * * ?
07:06:39.969 [main] INFO  h.p.c.s.ScheduleManager - start cron: 
07:06:41.792 [main] INFO  hcmute.puzzle.PuzzleUteApplication - Started PuzzleUteApplication in 8.179 seconds (JVM running for 8.92)
07:06:55.617 [http-nio-8080-exec-2] ERROR h.p.configuration.AuditorAwareImpl - class java.lang.String cannot be cast to class hcmute.puzzle.configuration.security.CustomUserDetails (java.lang.String is in module java.base of loader 'bootstrap'; hcmute.puzzle.configuration.security.CustomUserDetails is in unnamed module of loader 'app')
07:06:58.643 [http-nio-8080-exec-3] ERROR h.p.exception.MyExceptionHandler - Username already exists
07:08:18.760 [http-nio-8080-exec-7] INFO  h.p.filter.JwtAuthenticationFilter - UserDetail is none!
07:08:21.727 [http-nio-8080-exec-10] INFO  h.p.filter.JwtAuthenticationFilter - UserDetail is none!
07:08:25.886 [http-nio-8080-exec-8] ERROR h.p.configuration.AuditorAwareImpl - class java.lang.String cannot be cast to class hcmute.puzzle.configuration.security.CustomUserDetails (java.lang.String is in module java.base of loader 'bootstrap'; hcmute.puzzle.configuration.security.CustomUserDetails is in unnamed module of loader 'app')
07:10:01.044 [main] INFO  hcmute.puzzle.PuzzleUteApplication - Starting PuzzleUteApplication using Java 18.0.2 on DESKTOP-9UEKMS4 with PID 18164 (E:\GitHub\puzzle-ute\target\classes started by caiho in E:\GitHub\puzzle-ute)
07:10:01.046 [main] INFO  hcmute.puzzle.PuzzleUteApplication - The following 1 profile is active: "local"
07:10:05.171 [main] ERROR h.p.i.m.a.HasScheduleJobProcessing - Class error: file:/E:/GitHub/puzzle-ute/target/classes/
07:10:05.189 [main] ERROR h.p.i.m.a.HasScheduleJobProcessing - HOHO
07:10:05.218 [main] ERROR h.p.i.m.a.HasScheduleJobProcessing - Class error: jar:file:/C:/Users/caiho/.m2/repository/com/fasterxml/jackson/dataformat/jackson-dataformat-yaml/2.13.4/jackson-dataformat-yaml-2.13.4.jar!/META-INF/versions/9/
07:10:05.218 [main] ERROR h.p.i.m.a.HasScheduleJobProcessing - Class error: 
07:10:05.218 [main] ERROR h.p.i.m.a.HasScheduleJobProcessing - URI is not hierarchical
07:10:05.219 [main] INFO  h.p.c.s.ScheduleManager - Job schedule: runScheduledJobOther
07:10:05.219 [main] INFO  h.p.c.s.ScheduleManager - Job schedule: runScheduledJob
07:10:07.299 [main] INFO  h.p.c.s.ScheduleManager - current cron: 0 0/30 * * * ?
07:10:07.303 [main] INFO  h.p.c.s.ScheduleManager - start cron: 
07:10:07.306 [main] INFO  h.p.c.s.ScheduleManager - current cron: 0 0/20 * * * ?
07:10:07.306 [main] INFO  h.p.c.s.ScheduleManager - start cron: 
07:10:09.098 [main] INFO  hcmute.puzzle.PuzzleUteApplication - Started PuzzleUteApplication in 8.404 seconds (JVM running for 9.05)
07:10:57.591 [http-nio-8080-exec-7] INFO  h.p.filter.JwtAuthenticationFilter - UserDetail is none!
07:11:01.537 [http-nio-8080-exec-9] ERROR h.p.configuration.AuditorAwareImpl - class java.lang.String cannot be cast to class hcmute.puzzle.configuration.security.CustomUserDetails (java.lang.String is in module java.base of loader 'bootstrap'; hcmute.puzzle.configuration.security.CustomUserDetails is in unnamed module of loader 'app')
07:11:01.631 [ThreadPoolTaskScheduler1] ERROR h.p.configuration.AuditorAwareImpl - Cannot invoke "org.springframework.security.core.Authentication.getPrincipal()" because the return value of "org.springframework.security.core.context.SecurityContext.getAuthentication()" is null
07:11:08.355 [http-nio-8080-exec-10] ERROR h.p.configuration.AuditorAwareImpl - class java.lang.String cannot be cast to class hcmute.puzzle.configuration.security.CustomUserDetails (java.lang.String is in module java.base of loader 'bootstrap'; hcmute.puzzle.configuration.security.CustomUserDetails is in unnamed module of loader 'app')
07:11:10.376 [http-nio-8080-exec-3] ERROR h.p.exception.MyExceptionHandler - Username already exists
07:13:40.133 [main] INFO  hcmute.puzzle.PuzzleUteApplication - Starting PuzzleUteApplication using Java 18.0.2 on DESKTOP-9UEKMS4 with PID 19460 (E:\GitHub\puzzle-ute\target\classes started by caiho in E:\GitHub\puzzle-ute)
07:13:40.135 [main] INFO  hcmute.puzzle.PuzzleUteApplication - The following 1 profile is active: "local"
07:13:44.462 [main] ERROR h.p.i.m.a.HasScheduleJobProcessing - Class error: file:/E:/GitHub/puzzle-ute/target/classes/
07:13:44.479 [main] ERROR h.p.i.m.a.HasScheduleJobProcessing - HOHO
07:13:44.510 [main] ERROR h.p.i.m.a.HasScheduleJobProcessing - Class error: jar:file:/C:/Users/caiho/.m2/repository/com/fasterxml/jackson/dataformat/jackson-dataformat-yaml/2.13.4/jackson-dataformat-yaml-2.13.4.jar!/META-INF/versions/9/
07:13:44.510 [main] ERROR h.p.i.m.a.HasScheduleJobProcessing - Class error: 
07:13:44.510 [main] ERROR h.p.i.m.a.HasScheduleJobProcessing - URI is not hierarchical
07:13:44.511 [main] INFO  h.p.c.s.ScheduleManager - Job schedule: runScheduledJobOther
07:13:44.511 [main] INFO  h.p.c.s.ScheduleManager - Job schedule: runScheduledJob
07:13:46.091 [main] INFO  h.p.c.s.ScheduleManager - current cron: 0 0/30 * * * ?
07:13:46.095 [main] INFO  h.p.c.s.ScheduleManager - start cron: 
07:13:46.098 [main] INFO  h.p.c.s.ScheduleManager - current cron: 0 0/20 * * * ?
07:13:46.099 [main] INFO  h.p.c.s.ScheduleManager - start cron: 
07:13:47.907 [main] INFO  hcmute.puzzle.PuzzleUteApplication - Started PuzzleUteApplication in 8.15 seconds (JVM running for 8.901)
07:14:54.666 [http-nio-8080-exec-9] ERROR h.p.configuration.AuditorAwareImpl - class java.lang.String cannot be cast to class hcmute.puzzle.configuration.security.CustomUserDetails (java.lang.String is in module java.base of loader 'bootstrap'; hcmute.puzzle.configuration.security.CustomUserDetails is in unnamed module of loader 'app')
07:14:56.638 [http-nio-8080-exec-10] ERROR h.p.exception.MyExceptionHandler - Username already exists
07:38:58.768 [main] INFO  hcmute.puzzle.PuzzleUteApplication - Starting PuzzleUteApplication using Java 18.0.2 on DESKTOP-9UEKMS4 with PID 18516 (E:\GitHub\puzzle-ute\target\classes started by caiho in E:\GitHub\puzzle-ute)
07:38:58.770 [main] INFO  hcmute.puzzle.PuzzleUteApplication - The following 1 profile is active: "local"
07:39:03.483 [main] ERROR h.p.i.m.a.HasScheduleJobProcessing - Class error: file:/E:/GitHub/puzzle-ute/target/classes/
07:39:03.504 [main] ERROR h.p.i.m.a.HasScheduleJobProcessing - HOHO
07:39:03.539 [main] ERROR h.p.i.m.a.HasScheduleJobProcessing - Class error: jar:file:/C:/Users/caiho/.m2/repository/com/fasterxml/jackson/dataformat/jackson-dataformat-yaml/2.13.4/jackson-dataformat-yaml-2.13.4.jar!/META-INF/versions/9/
07:39:03.539 [main] ERROR h.p.i.m.a.HasScheduleJobProcessing - Class error: 
07:39:03.539 [main] ERROR h.p.i.m.a.HasScheduleJobProcessing - URI is not hierarchical
07:39:03.540 [main] INFO  h.p.c.s.ScheduleManager - Job schedule: runScheduledJobOther
07:39:03.540 [main] INFO  h.p.c.s.ScheduleManager - Job schedule: runScheduledJob
07:39:05.426 [main] INFO  h.p.c.s.ScheduleManager - current cron: 0 0/30 * * * ?
07:39:05.430 [main] INFO  h.p.c.s.ScheduleManager - start cron: 
07:39:05.434 [main] INFO  h.p.c.s.ScheduleManager - current cron: 0 0/20 * * * ?
07:39:05.434 [main] INFO  h.p.c.s.ScheduleManager - start cron: 
07:39:07.255 [main] INFO  hcmute.puzzle.PuzzleUteApplication - Started PuzzleUteApplication in 8.877 seconds (JVM running for 9.587)
07:39:58.562 [http-nio-8080-exec-6] ERROR h.p.configuration.AuditorAwareImpl - class java.lang.String cannot be cast to class hcmute.puzzle.configuration.security.CustomUserDetails (java.lang.String is in module java.base of loader 'bootstrap'; hcmute.puzzle.configuration.security.CustomUserDetails is in unnamed module of loader 'app')
07:40:00.144 [http-nio-8080-exec-7] ERROR h.p.exception.MyExceptionHandler - Username already exists
09:20:48.115 [main] INFO  hcmute.puzzle.PuzzleUteApplication - Starting PuzzleUteApplication using Java 18.0.2 on DESKTOP-9UEKMS4 with PID 9984 (E:\GitHub\puzzle-ute\target\classes started by caiho in E:\GitHub\puzzle-ute)
09:20:48.116 [main] INFO  hcmute.puzzle.PuzzleUteApplication - The following 1 profile is active: "local"
09:20:52.315 [main] ERROR h.p.i.m.a.HasScheduleJobProcessing - Class error: file:/E:/GitHub/puzzle-ute/target/classes/
09:20:52.333 [main] ERROR h.p.i.m.a.HasScheduleJobProcessing - HOHO
09:20:52.359 [main] ERROR h.p.i.m.a.HasScheduleJobProcessing - Class error: jar:file:/C:/Users/caiho/.m2/repository/com/fasterxml/jackson/dataformat/jackson-dataformat-yaml/2.13.4/jackson-dataformat-yaml-2.13.4.jar!/META-INF/versions/9/
09:20:52.359 [main] ERROR h.p.i.m.a.HasScheduleJobProcessing - Class error: 
09:20:52.359 [main] ERROR h.p.i.m.a.HasScheduleJobProcessing - URI is not hierarchical
09:20:52.360 [main] INFO  h.p.c.s.ScheduleManager - Job schedule: runScheduledJobOther
09:20:52.361 [main] INFO  h.p.c.s.ScheduleManager - Job schedule: runScheduledJob
09:20:54.113 [main] INFO  h.p.c.s.ScheduleManager - current cron: null
09:20:54.114 [main] ERROR h.p.c.s.ScheduleManager - null
09:20:54.117 [main] INFO  h.p.c.s.ScheduleManager - current cron: 0/28 * * * * ?
09:20:54.121 [main] INFO  h.p.c.s.ScheduleManager - start cron: 
09:20:55.848 [main] INFO  hcmute.puzzle.PuzzleUteApplication - Started PuzzleUteApplication in 8.058 seconds (JVM running for 8.749)
09:21:51.332 [http-nio-8080-exec-1] ERROR h.p.exception.MyExceptionHandler - THIS ACCOUNT ISN'T ACTIVE
09:22:03.279 [http-nio-8080-exec-3] ERROR h.p.exception.MyExceptionHandler - THIS ACCOUNT ISN'T ACTIVE
09:22:34.177 [http-nio-8080-exec-10] ERROR h.p.exception.MyExceptionHandler - THIS ACCOUNT ISN'T ACTIVE
09:23:38.691 [http-nio-8080-exec-5] ERROR h.p.exception.MyExceptionHandler - THIS ACCOUNT ISN'T ACTIVE
09:23:43.674 [main] INFO  hcmute.puzzle.PuzzleUteApplication - Starting PuzzleUteApplication using Java 18.0.2 on DESKTOP-9UEKMS4 with PID 12520 (E:\GitHub\puzzle-ute\target\classes started by caiho in E:\GitHub\puzzle-ute)
09:23:43.676 [main] INFO  hcmute.puzzle.PuzzleUteApplication - The following 1 profile is active: "local"
09:23:48.116 [main] ERROR h.p.i.m.a.HasScheduleJobProcessing - Class error: file:/E:/GitHub/puzzle-ute/target/classes/
09:23:48.136 [main] ERROR h.p.i.m.a.HasScheduleJobProcessing - HOHO
09:23:48.165 [main] ERROR h.p.i.m.a.HasScheduleJobProcessing - Class error: jar:file:/C:/Users/caiho/.m2/repository/com/fasterxml/jackson/dataformat/jackson-dataformat-yaml/2.13.4/jackson-dataformat-yaml-2.13.4.jar!/META-INF/versions/9/
09:23:48.165 [main] ERROR h.p.i.m.a.HasScheduleJobProcessing - Class error: 
09:23:48.165 [main] ERROR h.p.i.m.a.HasScheduleJobProcessing - URI is not hierarchical
09:23:48.166 [main] INFO  h.p.c.s.ScheduleManager - Job schedule: runScheduledJob
09:23:48.166 [main] INFO  h.p.c.s.ScheduleManager - Job schedule: runScheduledJobOther
09:23:50.644 [main] INFO  h.p.c.s.ScheduleManager - current cron: 0 0/20 * * * ?
09:23:50.649 [main] INFO  h.p.c.s.ScheduleManager - start cron: 
09:23:50.652 [main] INFO  h.p.c.s.ScheduleManager - current cron: 0 0/30 * * * ?
09:23:50.653 [main] INFO  h.p.c.s.ScheduleManager - start cron: 
09:23:52.480 [main] INFO  hcmute.puzzle.PuzzleUteApplication - Started PuzzleUteApplication in 9.179 seconds (JVM running for 9.875)
09:24:14.375 [http-nio-8080-exec-4] ERROR h.p.configuration.AuditorAwareImpl - class java.lang.String cannot be cast to class hcmute.puzzle.configuration.security.CustomUserDetails (java.lang.String is in module java.base of loader 'bootstrap'; hcmute.puzzle.configuration.security.CustomUserDetails is in unnamed module of loader 'app')
09:24:17.988 [http-nio-8080-exec-6] ERROR h.p.exception.MyExceptionHandler - Username already exists
09:24:58.141 [main] INFO  hcmute.puzzle.PuzzleUteApplication - Starting PuzzleUteApplication using Java 18.0.2 on DESKTOP-9UEKMS4 with PID 13300 (E:\GitHub\puzzle-ute\target\classes started by caiho in E:\GitHub\puzzle-ute)
09:24:58.142 [main] INFO  hcmute.puzzle.PuzzleUteApplication - The following 1 profile is active: "local"
09:25:02.720 [main] ERROR h.p.i.m.a.HasScheduleJobProcessing - Class error: file:/E:/GitHub/puzzle-ute/target/classes/
09:25:02.737 [main] ERROR h.p.i.m.a.HasScheduleJobProcessing - HOHO
09:25:02.766 [main] ERROR h.p.i.m.a.HasScheduleJobProcessing - Class error: jar:file:/C:/Users/caiho/.m2/repository/com/fasterxml/jackson/dataformat/jackson-dataformat-yaml/2.13.4/jackson-dataformat-yaml-2.13.4.jar!/META-INF/versions/9/
09:25:02.767 [main] ERROR h.p.i.m.a.HasScheduleJobProcessing - Class error: 
09:25:02.767 [main] ERROR h.p.i.m.a.HasScheduleJobProcessing - URI is not hierarchical
09:25:02.767 [main] INFO  h.p.c.s.ScheduleManager - Job schedule: runScheduledJob
09:25:02.768 [main] INFO  h.p.c.s.ScheduleManager - Job schedule: runScheduledJobOther
09:25:04.329 [main] INFO  h.p.c.s.ScheduleManager - current cron: 0 0/20 * * * ?
09:25:04.333 [main] INFO  h.p.c.s.ScheduleManager - start cron: 
09:25:04.337 [main] INFO  h.p.c.s.ScheduleManager - current cron: 0 0/30 * * * ?
09:25:04.338 [main] INFO  h.p.c.s.ScheduleManager - start cron: 
09:25:06.234 [main] INFO  hcmute.puzzle.PuzzleUteApplication - Started PuzzleUteApplication in 8.514 seconds (JVM running for 9.223)
09:25:21.500 [http-nio-8080-exec-4] INFO  h.p.filter.JwtAuthenticationFilter - UserDetail is none!
09:25:26.164 [http-nio-8080-exec-5] ERROR h.p.configuration.AuditorAwareImpl - class java.lang.String cannot be cast to class hcmute.puzzle.configuration.security.CustomUserDetails (java.lang.String is in module java.base of loader 'bootstrap'; hcmute.puzzle.configuration.security.CustomUserDetails is in unnamed module of loader 'app')
09:25:29.278 [http-nio-8080-exec-8] ERROR h.p.exception.MyExceptionHandler - Username already exists
09:26:05.587 [http-nio-8080-exec-2] INFO  h.p.filter.JwtAuthenticationFilter - UserDetail is none!
09:26:09.746 [http-nio-8080-exec-4] ERROR h.p.configuration.AuditorAwareImpl - class java.lang.String cannot be cast to class hcmute.puzzle.configuration.security.CustomUserDetails (java.lang.String is in module java.base of loader 'bootstrap'; hcmute.puzzle.configuration.security.CustomUserDetails is in unnamed module of loader 'app')
09:29:10.406 [main] INFO  hcmute.puzzle.PuzzleUteApplication - Starting PuzzleUteApplication using Java 18.0.2 on DESKTOP-9UEKMS4 with PID 11944 (E:\GitHub\puzzle-ute\target\classes started by caiho in E:\GitHub\puzzle-ute)
09:29:10.408 [main] INFO  hcmute.puzzle.PuzzleUteApplication - The following 1 profile is active: "local"
09:29:15.145 [main] ERROR h.p.i.m.a.HasScheduleJobProcessing - Class error: file:/E:/GitHub/puzzle-ute/target/classes/
09:29:15.168 [main] ERROR h.p.i.m.a.HasScheduleJobProcessing - HOHO
09:29:15.199 [main] ERROR h.p.i.m.a.HasScheduleJobProcessing - Class error: jar:file:/C:/Users/caiho/.m2/repository/com/fasterxml/jackson/dataformat/jackson-dataformat-yaml/2.13.4/jackson-dataformat-yaml-2.13.4.jar!/META-INF/versions/9/
09:29:15.199 [main] ERROR h.p.i.m.a.HasScheduleJobProcessing - Class error: 
09:29:15.200 [main] ERROR h.p.i.m.a.HasScheduleJobProcessing - URI is not hierarchical
09:29:15.201 [main] INFO  h.p.c.s.ScheduleManager - Job schedule: runScheduledJob
09:29:15.201 [main] INFO  h.p.c.s.ScheduleManager - Job schedule: runScheduledJobOther
09:29:17.363 [main] INFO  h.p.c.s.ScheduleManager - current cron: 0 0/20 * * * ?
09:29:17.366 [main] INFO  h.p.c.s.ScheduleManager - start cron: 
09:29:17.369 [main] INFO  h.p.c.s.ScheduleManager - current cron: 0 0/30 * * * ?
09:29:17.370 [main] INFO  h.p.c.s.ScheduleManager - start cron: 
09:29:19.244 [main] INFO  hcmute.puzzle.PuzzleUteApplication - Started PuzzleUteApplication in 9.267 seconds (JVM running for 9.945)
09:34:03.141 [main] INFO  hcmute.puzzle.PuzzleUteApplication - Starting PuzzleUteApplication using Java 18.0.2 on DESKTOP-9UEKMS4 with PID 6632 (E:\GitHub\puzzle-ute\target\classes started by caiho in E:\GitHub\puzzle-ute)
09:34:03.143 [main] INFO  hcmute.puzzle.PuzzleUteApplication - The following 1 profile is active: "local"
09:34:07.471 [main] ERROR h.p.i.m.a.HasScheduleJobProcessing - Class error: file:/E:/GitHub/puzzle-ute/target/classes/
09:34:07.489 [main] ERROR h.p.i.m.a.HasScheduleJobProcessing - HOHO
09:34:07.517 [main] ERROR h.p.i.m.a.HasScheduleJobProcessing - Class error: jar:file:/C:/Users/caiho/.m2/repository/com/fasterxml/jackson/dataformat/jackson-dataformat-yaml/2.13.4/jackson-dataformat-yaml-2.13.4.jar!/META-INF/versions/9/
09:34:07.517 [main] ERROR h.p.i.m.a.HasScheduleJobProcessing - Class error: 
09:34:07.517 [main] ERROR h.p.i.m.a.HasScheduleJobProcessing - URI is not hierarchical
09:34:07.518 [main] INFO  h.p.c.s.ScheduleManager - Job schedule: runScheduledJobOther
09:34:07.518 [main] INFO  h.p.c.s.ScheduleManager - Job schedule: runScheduledJob
09:34:09.765 [main] INFO  h.p.c.s.ScheduleManager - current cron: 0 0/30 * * * ?
09:34:09.769 [main] INFO  h.p.c.s.ScheduleManager - start cron: 
09:34:09.772 [main] INFO  h.p.c.s.ScheduleManager - current cron: 0 0/20 * * * ?
09:34:09.772 [main] INFO  h.p.c.s.ScheduleManager - start cron: 
09:34:11.618 [main] INFO  hcmute.puzzle.PuzzleUteApplication - Started PuzzleUteApplication in 8.832 seconds (JVM running for 9.542)
09:35:13.224 [main] INFO  hcmute.puzzle.PuzzleUteApplication - Starting PuzzleUteApplication using Java 18.0.2 on DESKTOP-9UEKMS4 with PID 11664 (E:\GitHub\puzzle-ute\target\classes started by caiho in E:\GitHub\puzzle-ute)
09:35:13.226 [main] INFO  hcmute.puzzle.PuzzleUteApplication - The following 1 profile is active: "local"
09:35:17.684 [main] ERROR h.p.i.m.a.HasScheduleJobProcessing - Class error: file:/E:/GitHub/puzzle-ute/target/classes/
09:35:17.704 [main] ERROR h.p.i.m.a.HasScheduleJobProcessing - HOHO
09:35:17.733 [main] ERROR h.p.i.m.a.HasScheduleJobProcessing - Class error: jar:file:/C:/Users/caiho/.m2/repository/com/fasterxml/jackson/dataformat/jackson-dataformat-yaml/2.13.4/jackson-dataformat-yaml-2.13.4.jar!/META-INF/versions/9/
09:35:17.733 [main] ERROR h.p.i.m.a.HasScheduleJobProcessing - Class error: 
09:35:17.734 [main] ERROR h.p.i.m.a.HasScheduleJobProcessing - URI is not hierarchical
09:35:17.734 [main] INFO  h.p.c.s.ScheduleManager - Job schedule: runScheduledJobOther
09:35:17.734 [main] INFO  h.p.c.s.ScheduleManager - Job schedule: runScheduledJob
09:35:19.811 [main] INFO  h.p.c.s.ScheduleManager - current cron: 0 0/30 * * * ?
09:35:19.815 [main] INFO  h.p.c.s.ScheduleManager - start cron: 
09:35:19.818 [main] INFO  h.p.c.s.ScheduleManager - current cron: 0 0/20 * * * ?
09:35:19.818 [main] INFO  h.p.c.s.ScheduleManager - start cron: 
09:35:21.677 [main] INFO  hcmute.puzzle.PuzzleUteApplication - Started PuzzleUteApplication in 8.811 seconds (JVM running for 9.497)
09:54:39.159 [http-nio-8080-exec-10] ERROR h.p.configuration.AuditorAwareImpl - class java.lang.String cannot be cast to class hcmute.puzzle.configuration.security.CustomUserDetails (java.lang.String is in module java.base of loader 'bootstrap'; hcmute.puzzle.configuration.security.CustomUserDetails is in unnamed module of loader 'app')
09:55:27.604 [http-nio-8080-exec-8] ERROR h.p.configuration.AuditorAwareImpl - class java.lang.String cannot be cast to class hcmute.puzzle.configuration.security.CustomUserDetails (java.lang.String is in module java.base of loader 'bootstrap'; hcmute.puzzle.configuration.security.CustomUserDetails is in unnamed module of loader 'app')
10:07:19.440 [main] INFO  hcmute.puzzle.PuzzleUteApplication - Starting PuzzleUteApplication using Java 18.0.2 on DESKTOP-9UEKMS4 with PID 20460 (E:\GitHub\puzzle-ute\target\classes started by caiho in E:\GitHub\puzzle-ute)
10:07:19.442 [main] INFO  hcmute.puzzle.PuzzleUteApplication - The following 1 profile is active: "local"
10:07:23.866 [main] ERROR h.p.i.m.a.HasScheduleJobProcessing - Class error: file:/E:/GitHub/puzzle-ute/target/classes/
10:07:23.884 [main] ERROR h.p.i.m.a.HasScheduleJobProcessing - HOHO
10:07:23.913 [main] ERROR h.p.i.m.a.HasScheduleJobProcessing - Class error: jar:file:/C:/Users/caiho/.m2/repository/com/fasterxml/jackson/dataformat/jackson-dataformat-yaml/2.13.4/jackson-dataformat-yaml-2.13.4.jar!/META-INF/versions/9/
10:07:23.913 [main] ERROR h.p.i.m.a.HasScheduleJobProcessing - Class error: 
10:07:23.913 [main] ERROR h.p.i.m.a.HasScheduleJobProcessing - URI is not hierarchical
10:07:23.914 [main] INFO  h.p.c.s.ScheduleManager - Job schedule: runScheduledJob
10:07:23.914 [main] INFO  h.p.c.s.ScheduleManager - Job schedule: runScheduledJobOther
10:07:26.134 [main] INFO  h.p.c.s.ScheduleManager - current cron: 0 0/20 * * * ?
10:07:26.140 [main] INFO  h.p.c.s.ScheduleManager - start cron: 
10:07:26.145 [main] INFO  h.p.c.s.ScheduleManager - current cron: 0 0/30 * * * ?
10:07:26.145 [main] INFO  h.p.c.s.ScheduleManager - start cron: 
10:07:28.061 [main] INFO  hcmute.puzzle.PuzzleUteApplication - Started PuzzleUteApplication in 8.981 seconds (JVM running for 9.656)
00:03:40.451 [main] INFO  hcmute.puzzle.PuzzleUteApplication - Starting PuzzleUteApplication using Java 18.0.2 on DESKTOP-9UEKMS4 with PID 11636 (E:\GitHub\puzzle-ute\target\classes started by caiho in E:\GitHub\puzzle-ute)
00:03:40.453 [main] INFO  hcmute.puzzle.PuzzleUteApplication - The following 1 profile is active: "local"
00:04:49.519 [main] INFO  hcmute.puzzle.PuzzleUteApplication - Starting PuzzleUteApplication using Java 18.0.2 on DESKTOP-9UEKMS4 with PID 3420 (E:\GitHub\puzzle-ute\target\classes started by caiho in E:\GitHub\puzzle-ute)
00:04:49.521 [main] INFO  hcmute.puzzle.PuzzleUteApplication - The following 1 profile is active: "local"
00:06:00.291 [main] INFO  hcmute.puzzle.PuzzleUteApplication - Starting PuzzleUteApplication using Java 18.0.2 on DESKTOP-9UEKMS4 with PID 14832 (E:\GitHub\puzzle-ute\target\classes started by caiho in E:\GitHub\puzzle-ute)
00:06:00.293 [main] INFO  hcmute.puzzle.PuzzleUteApplication - The following 1 profile is active: "local"
00:06:50.025 [main] INFO  hcmute.puzzle.PuzzleUteApplication - Starting PuzzleUteApplication using Java 18.0.2 on DESKTOP-9UEKMS4 with PID 20264 (E:\GitHub\puzzle-ute\target\classes started by caiho in E:\GitHub\puzzle-ute)
00:06:50.027 [main] INFO  hcmute.puzzle.PuzzleUteApplication - The following 1 profile is active: "local"
00:07:33.468 [main] INFO  hcmute.puzzle.PuzzleUteApplication - Starting PuzzleUteApplication using Java 18.0.2 on DESKTOP-9UEKMS4 with PID 11872 (E:\GitHub\puzzle-ute\target\classes started by caiho in E:\GitHub\puzzle-ute)
00:07:33.469 [main] INFO  hcmute.puzzle.PuzzleUteApplication - The following 1 profile is active: "local"
00:12:56.250 [main] INFO  hcmute.puzzle.PuzzleUteApplication - Starting PuzzleUteApplication using Java 18.0.2 on DESKTOP-9UEKMS4 with PID 21856 (E:\GitHub\puzzle-ute\target\classes started by caiho in E:\GitHub\puzzle-ute)
00:12:56.253 [main] INFO  hcmute.puzzle.PuzzleUteApplication - The following 1 profile is active: "local"
00:14:53.364 [main] INFO  hcmute.puzzle.PuzzleUteApplication - Starting PuzzleUteApplication using Java 18.0.2 on DESKTOP-9UEKMS4 with PID 11348 (E:\GitHub\puzzle-ute\target\classes started by caiho in E:\GitHub\puzzle-ute)
00:14:53.366 [main] INFO  hcmute.puzzle.PuzzleUteApplication - The following 1 profile is active: "local"
00:20:12.570 [main] INFO  hcmute.puzzle.PuzzleUteApplication - Starting PuzzleUteApplication using Java 18.0.2 on DESKTOP-9UEKMS4 with PID 23152 (E:\GitHub\puzzle-ute\target\classes started by caiho in E:\GitHub\puzzle-ute)
00:20:12.572 [main] INFO  hcmute.puzzle.PuzzleUteApplication - The following 1 profile is active: "local"
00:20:19.159 [main] ERROR h.p.i.m.a.HasScheduleJobProcessing - Class error: file:/E:/GitHub/puzzle-ute/target/classes/
00:20:19.176 [main] ERROR h.p.i.m.a.HasScheduleJobProcessing - HOHO
00:20:19.209 [main] ERROR h.p.i.m.a.HasScheduleJobProcessing - Class error: jar:file:/C:/Users/caiho/.m2/repository/com/fasterxml/jackson/dataformat/jackson-dataformat-yaml/2.13.4/jackson-dataformat-yaml-2.13.4.jar!/META-INF/versions/9/
00:20:19.210 [main] ERROR h.p.i.m.a.HasScheduleJobProcessing - Class error: 
00:20:19.210 [main] ERROR h.p.i.m.a.HasScheduleJobProcessing - URI is not hierarchical
00:20:19.210 [main] INFO  h.p.c.s.ScheduleManager - Job schedule: runScheduledJobOther
00:20:19.211 [main] INFO  h.p.c.s.ScheduleManager - Job schedule: runScheduledJob
00:20:21.209 [main] INFO  h.p.c.s.ScheduleManager - current cron: null
00:20:21.210 [main] ERROR h.p.c.s.ScheduleManager - null
00:20:21.213 [main] INFO  h.p.c.s.ScheduleManager - current cron: 0/28 * * * * ?
00:20:21.218 [main] INFO  h.p.c.s.ScheduleManager - start cron: 
00:20:22.797 [main] INFO  hcmute.puzzle.PuzzleUteApplication - Started PuzzleUteApplication in 10.549 seconds (JVM running for 11.219)
00:22:24.243 [main] INFO  hcmute.puzzle.PuzzleUteApplication - Starting PuzzleUteApplication using Java 18.0.2 on DESKTOP-9UEKMS4 with PID 14444 (E:\GitHub\puzzle-ute\target\classes started by caiho in E:\GitHub\puzzle-ute)
00:22:24.245 [main] INFO  hcmute.puzzle.PuzzleUteApplication - The following 1 profile is active: "local"
